[34m2024-09-04T10:00:07.007Z DB: Executing (default): SELECT 1+1 AS result[39m
[34m2024-09-04T10:00:07.261Z DB: Database connection has been established successfully 💾[39m
[34m2024-09-04T10:00:07.262Z DB: Executing (default): SELECT 1+1 AS result[39m
[34m2024-09-04T10:00:07.517Z DB: Database synced successfully 📚[39m
[31m2024-09-04T10:00:49.341Z DB: Unable to connect to the database: Tenant or user not found[39m
[34m2024-09-04T10:28:47.239Z DB: Executing (default): SELECT 1+1 AS result[39m
[34m2024-09-04T10:28:47.479Z DB: Database connection has been established successfully 💾[39m
[34m2024-09-04T10:28:47.482Z DB: Executing (default): SELECT 1+1 AS result[39m
[34m2024-09-04T10:28:47.722Z DB: Database synced successfully 📚[39m
[31m2024-10-05T11:34:18.199Z DB: Unable to connect to the database: Tenant or user not found[39m
[31m2024-10-05T11:35:05.466Z DB: Unable to connect to the database: Tenant or user not found[39m
[34m2024-10-05T11:39:06.097Z DB: Executing (default): SELECT 1+1 AS result[39m
[34m2024-10-05T11:39:06.436Z DB: Database connection has been established successfully 💾[39m
[34m2024-10-05T11:39:06.439Z DB: Executing (default): SELECT 1+1 AS result[39m
[34m2024-10-05T11:39:06.600Z DB: Database synced successfully 📚[39m
[34m2024-10-05T11:51:58.195Z DB: Executing (default): SELECT 1+1 AS result[39m
[34m2024-10-05T11:51:58.405Z DB: Database connection has been established successfully 💾[39m
[34m2024-10-05T11:51:58.408Z DB: Executing (default): SELECT 1+1 AS result[39m
[34m2024-10-05T11:51:58.584Z DB: Database synced successfully 📚[39m
[34m2024-10-05T12:01:09.740Z DB: Executing (default): SELECT 1+1 AS result[39m
[34m2024-10-05T12:01:10.687Z DB: Database connection has been established successfully 💾[39m
[34m2024-10-05T12:01:10.690Z DB: Executing (default): SELECT 1+1 AS result[39m
[34m2024-10-05T12:01:10.873Z DB: Database synced successfully 📚[39m
[34m2024-10-05T12:01:45.024Z DB: Executing (default): SELECT 1+1 AS result[39m
[34m2024-10-05T12:01:45.192Z DB: Database connection has been established successfully 💾[39m
[34m2024-10-05T12:01:45.196Z DB: Executing (default): SELECT 1+1 AS result[39m
[34m2024-10-05T12:01:45.403Z DB: Database synced successfully 📚[39m
[34m2024-10-05T12:04:58.505Z DB: Executing (default): SELECT 1+1 AS result[39m
[34m2024-10-05T12:04:58.670Z DB: Database connection has been established successfully 💾[39m
[34m2024-10-05T12:04:58.673Z DB: Executing (default): SELECT 1+1 AS result[39m
[34m2024-10-05T12:04:58.896Z DB: Database synced successfully 📚[39m
[34m2024-10-05T12:09:01.048Z DB: Executing (default): SELECT 1+1 AS result[39m
[34m2024-10-05T12:09:01.234Z DB: Database connection has been established successfully 💾[39m
[34m2024-10-05T12:09:01.241Z DB: Executing (default): SELECT table_name FROM information_schema.tables WHERE table_schema = 'public' AND table_name = 'users'[39m
[34m2024-10-05T12:09:01.444Z DB: Executing (default): SELECT t.typname enum_name, array_agg(e.enumlabel ORDER BY enumsortorder) enum_value FROM pg_type t JOIN pg_enum e ON t.oid = e.enumtypid JOIN pg_catalog.pg_namespace n ON n.oid = t.typnamespace WHERE n.nspname = 'public' AND t.typname='enum_users_language' GROUP BY 1[39m
[34m2024-10-05T12:09:01.639Z DB: Executing (default): SELECT t.typname enum_name, array_agg(e.enumlabel ORDER BY enumsortorder) enum_value FROM pg_type t JOIN pg_enum e ON t.oid = e.enumtypid JOIN pg_catalog.pg_namespace n ON n.oid = t.typnamespace WHERE n.nspname = 'public' AND t.typname='enum_users_country' GROUP BY 1[39m
[34m2024-10-05T12:09:01.827Z DB: Executing (default): SELECT t.typname enum_name, array_agg(e.enumlabel ORDER BY enumsortorder) enum_value FROM pg_type t JOIN pg_enum e ON t.oid = e.enumtypid JOIN pg_catalog.pg_namespace n ON n.oid = t.typnamespace WHERE n.nspname = 'public' AND t.typname='enum_users_gender' GROUP BY 1[39m
[34m2024-10-05T12:09:02.014Z DB: Executing (default): DO 'BEGIN CREATE TYPE "public"."enum_users_language" AS ENUM(''English'', ''Español'', ''Français'', ''Deutsch'', ''Italiano'', ''Português''); EXCEPTION WHEN duplicate_object THEN null; END';[39m
[34m2024-10-05T12:09:02.234Z DB: Executing (default): DO 'BEGIN CREATE TYPE "public"."enum_users_country" AS ENUM(''USA'', ''Canada'', ''UK'', ''Germany'', ''France'', ''Spain'', ''Italy'', ''Japan'', ''Australia'', ''Brazil'', ''Other''); EXCEPTION WHEN duplicate_object THEN null; END';[39m
[34m2024-10-05T12:09:02.428Z DB: Executing (default): DO 'BEGIN CREATE TYPE "public"."enum_users_gender" AS ENUM(''Male'', ''Female'', ''Other''); EXCEPTION WHEN duplicate_object THEN null; END';[39m
[34m2024-10-05T12:09:02.622Z DB: Executing (default): WITH ranges AS (  SELECT pg_range.rngtypid, pg_type.typname AS rngtypname,         pg_type.typarray AS rngtyparray, pg_range.rngsubtype    FROM pg_range LEFT OUTER JOIN pg_type ON pg_type.oid = pg_range.rngtypid)SELECT pg_type.typname, pg_type.typtype, pg_type.oid, pg_type.typarray,       ranges.rngtypname, ranges.rngtypid, ranges.rngtyparray  FROM pg_type LEFT OUTER JOIN ranges ON pg_type.oid = ranges.rngsubtype WHERE (pg_type.typtype IN('b', 'e'));[39m
[34m2024-10-05T12:09:02.968Z DB: Executing (default): CREATE TABLE IF NOT EXISTS "users" ("id"   SERIAL , "email" VARCHAR(255) NOT NULL UNIQUE, "phoneNumber" VARCHAR(255) NOT NULL UNIQUE, "password" VARCHAR(255) NOT NULL, "pin" INTEGER NOT NULL, "countryCode" VARCHAR(255) NOT NULL, "username" VARCHAR(255) NOT NULL UNIQUE, "language" "public"."enum_users_language" NOT NULL, "age" INTEGER NOT NULL, "dob" DATE NOT NULL, "country" "public"."enum_users_country" NOT NULL, "gender" "public"."enum_users_gender" NOT NULL, "otp" VARCHAR(255), "otpExpiration" TIMESTAMP WITH TIME ZONE, "verifiedOTP" BOOLEAN NOT NULL DEFAULT false, "deleted" BOOLEAN NOT NULL DEFAULT false, "createdAt" TIMESTAMP WITH TIME ZONE NOT NULL, "updatedAt" TIMESTAMP WITH TIME ZONE NOT NULL, PRIMARY KEY ("id"));[39m
[34m2024-10-05T12:09:03.195Z DB: Executing (default): SELECT i.relname AS name, ix.indisprimary AS primary, ix.indisunique AS unique, ix.indkey AS indkey, array_agg(a.attnum) as column_indexes, array_agg(a.attname) AS column_names, pg_get_indexdef(ix.indexrelid) AS definition FROM pg_class t, pg_class i, pg_index ix, pg_attribute a WHERE t.oid = ix.indrelid AND i.oid = ix.indexrelid AND a.attrelid = t.oid AND t.relkind = 'r' and t.relname = 'users' GROUP BY i.relname, ix.indexrelid, ix.indisprimary, ix.indisunique, ix.indkey ORDER BY i.relname;[39m
[34m2024-10-05T12:09:03.414Z DB: Database synced successfully 📚[39m
[34m2024-10-05T12:15:33.600Z DB: Executing (default): SELECT 1+1 AS result[39m
[34m2024-10-05T12:15:33.754Z DB: Database connection has been established successfully 💾[39m
[34m2024-10-05T12:15:33.757Z DB: Executing (default): SELECT table_name FROM information_schema.tables WHERE table_schema = 'public' AND table_name = 'users'[39m
[34m2024-10-05T12:15:33.918Z DB: Executing (default): SELECT t.typname enum_name, array_agg(e.enumlabel ORDER BY enumsortorder) enum_value FROM pg_type t JOIN pg_enum e ON t.oid = e.enumtypid JOIN pg_catalog.pg_namespace n ON n.oid = t.typnamespace WHERE n.nspname = 'public' AND t.typname='enum_users_language' GROUP BY 1[39m
[34m2024-10-05T12:15:34.078Z DB: Executing (default): SELECT t.typname enum_name, array_agg(e.enumlabel ORDER BY enumsortorder) enum_value FROM pg_type t JOIN pg_enum e ON t.oid = e.enumtypid JOIN pg_catalog.pg_namespace n ON n.oid = t.typnamespace WHERE n.nspname = 'public' AND t.typname='enum_users_country' GROUP BY 1[39m
[34m2024-10-05T12:15:34.233Z DB: Executing (default): SELECT t.typname enum_name, array_agg(e.enumlabel ORDER BY enumsortorder) enum_value FROM pg_type t JOIN pg_enum e ON t.oid = e.enumtypid JOIN pg_catalog.pg_namespace n ON n.oid = t.typnamespace WHERE n.nspname = 'public' AND t.typname='enum_users_gender' GROUP BY 1[39m
[34m2024-10-05T12:15:34.391Z DB: Executing (default): SELECT pk.constraint_type as "Constraint",c.column_name as "Field", c.column_default as "Default",c.is_nullable as "Null", (CASE WHEN c.udt_name = 'hstore' THEN c.udt_name ELSE c.data_type END) || (CASE WHEN c.character_maximum_length IS NOT NULL THEN '(' || c.character_maximum_length || ')' ELSE '' END) as "Type", (SELECT array_agg(e.enumlabel) FROM pg_catalog.pg_type t JOIN pg_catalog.pg_enum e ON t.oid=e.enumtypid WHERE t.typname=c.udt_name) AS "special", (SELECT pgd.description FROM pg_catalog.pg_statio_all_tables AS st INNER JOIN pg_catalog.pg_description pgd on (pgd.objoid=st.relid) WHERE c.ordinal_position=pgd.objsubid AND c.table_name=st.relname) AS "Comment" FROM information_schema.columns c LEFT JOIN (SELECT tc.table_schema, tc.table_name, cu.column_name, tc.constraint_type FROM information_schema.TABLE_CONSTRAINTS tc JOIN information_schema.KEY_COLUMN_USAGE  cu ON tc.table_schema=cu.table_schema and tc.table_name=cu.table_name and tc.constraint_name=cu.constraint_name and tc.constraint_type='PRIMARY KEY') pk ON pk.table_schema=c.table_schema AND pk.table_name=c.table_name AND pk.column_name=c.column_name WHERE c.table_name = 'users' AND c.table_schema = 'public'[39m
[34m2024-10-05T12:15:34.568Z DB: Executing (default): SELECT DISTINCT tc.constraint_name as constraint_name, tc.constraint_schema as constraint_schema, tc.constraint_catalog as constraint_catalog, tc.table_name as table_name,tc.table_schema as table_schema,tc.table_catalog as table_catalog,tc.initially_deferred as initially_deferred,tc.is_deferrable as is_deferrable,kcu.column_name as column_name,ccu.table_schema  AS referenced_table_schema,ccu.table_catalog  AS referenced_table_catalog,ccu.table_name  AS referenced_table_name,ccu.column_name AS referenced_column_name FROM information_schema.table_constraints AS tc JOIN information_schema.key_column_usage AS kcu ON tc.constraint_name = kcu.constraint_name JOIN information_schema.constraint_column_usage AS ccu ON ccu.constraint_name = tc.constraint_name WHERE constraint_type = 'FOREIGN KEY' AND tc.table_name = 'users' AND tc.table_catalog = 'postgres'[39m
[34m2024-10-05T12:15:34.732Z DB: Executing (default): ALTER TABLE "users" ALTER COLUMN "email" SET NOT NULL;ALTER TABLE "users" ALTER COLUMN "email" DROP DEFAULT;ALTER TABLE "users"  ADD UNIQUE ("email");ALTER TABLE "users" ALTER COLUMN "email" TYPE VARCHAR(255)  ;[39m
[34m2024-10-05T12:15:34.918Z DB: Executing (default): ALTER TABLE "users" ALTER COLUMN "phoneNumber" SET NOT NULL;ALTER TABLE "users" ALTER COLUMN "phoneNumber" DROP DEFAULT;ALTER TABLE "users"  ADD UNIQUE ("phoneNumber");ALTER TABLE "users" ALTER COLUMN "phoneNumber" TYPE VARCHAR(255)  ;[39m
[34m2024-10-05T12:15:35.083Z DB: Executing (default): ALTER TABLE "users" ALTER COLUMN "password" SET NOT NULL;ALTER TABLE "users" ALTER COLUMN "password" DROP DEFAULT;ALTER TABLE "users" ALTER COLUMN "password" TYPE VARCHAR(255);[39m
[34m2024-10-05T12:15:35.244Z DB: Executing (default): ALTER TABLE "users" ALTER COLUMN "pin" SET NOT NULL;ALTER TABLE "users" ALTER COLUMN "pin" DROP DEFAULT;ALTER TABLE "users" ALTER COLUMN "pin" TYPE INTEGER;[39m
[34m2024-10-05T12:15:35.403Z DB: Executing (default): ALTER TABLE "users" ALTER COLUMN "countryCode" SET NOT NULL;ALTER TABLE "users" ALTER COLUMN "countryCode" DROP DEFAULT;ALTER TABLE "users" ALTER COLUMN "countryCode" TYPE VARCHAR(255);[39m
[34m2024-10-05T12:15:35.562Z DB: Executing (default): ALTER TABLE "users" ALTER COLUMN "username" SET NOT NULL;ALTER TABLE "users" ALTER COLUMN "username" DROP DEFAULT;ALTER TABLE "users"  ADD UNIQUE ("username");ALTER TABLE "users" ALTER COLUMN "username" TYPE VARCHAR(255)  ;[39m
[34m2024-10-05T12:15:35.728Z DB: Executing (default): ALTER TABLE "users" ALTER COLUMN "language" SET NOT NULL;ALTER TABLE "users" ALTER COLUMN "language" DROP DEFAULT;DO 'BEGIN CREATE TYPE "public"."enum_users_language" AS ENUM(''English'', ''Español'', ''Français'', ''Deutsch'', ''Italiano'', ''Português''); EXCEPTION WHEN duplicate_object THEN null; END';ALTER TABLE "users" ALTER COLUMN "language" TYPE "public"."enum_users_language" USING ("language"::"public"."enum_users_language");[39m
[34m2024-10-05T12:15:35.890Z DB: Executing (default): ALTER TABLE "users" ALTER COLUMN "age" SET NOT NULL;ALTER TABLE "users" ALTER COLUMN "age" DROP DEFAULT;ALTER TABLE "users" ALTER COLUMN "age" TYPE INTEGER;[39m
[34m2024-10-05T12:15:36.050Z DB: Executing (default): ALTER TABLE "users" ALTER COLUMN "dob" SET NOT NULL;ALTER TABLE "users" ALTER COLUMN "dob" DROP DEFAULT;ALTER TABLE "users" ALTER COLUMN "dob" TYPE DATE;[39m
[34m2024-10-05T12:15:36.209Z DB: Executing (default): ALTER TABLE "users" ALTER COLUMN "country" SET NOT NULL;ALTER TABLE "users" ALTER COLUMN "country" DROP DEFAULT;DO 'BEGIN CREATE TYPE "public"."enum_users_country" AS ENUM(''USA'', ''Canada'', ''UK'', ''Germany'', ''France'', ''Spain'', ''Italy'', ''Japan'', ''Australia'', ''Brazil'', ''Other''); EXCEPTION WHEN duplicate_object THEN null; END';ALTER TABLE "users" ALTER COLUMN "country" TYPE "public"."enum_users_country" USING ("country"::"public"."enum_users_country");[39m
[34m2024-10-05T12:15:36.369Z DB: Executing (default): ALTER TABLE "users" ALTER COLUMN "gender" SET NOT NULL;ALTER TABLE "users" ALTER COLUMN "gender" DROP DEFAULT;DO 'BEGIN CREATE TYPE "public"."enum_users_gender" AS ENUM(''Male'', ''Female'', ''Other''); EXCEPTION WHEN duplicate_object THEN null; END';ALTER TABLE "users" ALTER COLUMN "gender" TYPE "public"."enum_users_gender" USING ("gender"::"public"."enum_users_gender");[39m
[34m2024-10-05T12:15:36.528Z DB: Executing (default): ALTER TABLE "users" ALTER COLUMN "otp" DROP NOT NULL;ALTER TABLE "users" ALTER COLUMN "otp" DROP DEFAULT;ALTER TABLE "users" ALTER COLUMN "otp" TYPE VARCHAR(255);[39m
[34m2024-10-05T12:15:36.686Z DB: Executing (default): ALTER TABLE "users" ALTER COLUMN "otpExpiration" DROP NOT NULL;ALTER TABLE "users" ALTER COLUMN "otpExpiration" DROP DEFAULT;ALTER TABLE "users" ALTER COLUMN "otpExpiration" TYPE TIMESTAMP WITH TIME ZONE;[39m
[34m2024-10-05T12:15:37.216Z DB: Executing (default): ALTER TABLE "users" ALTER COLUMN "verifiedOTP" SET NOT NULL;ALTER TABLE "users" ALTER COLUMN "verifiedOTP" SET DEFAULT false;ALTER TABLE "users" ALTER COLUMN "verifiedOTP" TYPE BOOLEAN;[39m
[34m2024-10-05T12:15:37.380Z DB: Executing (default): ALTER TABLE "users" ALTER COLUMN "deleted" SET NOT NULL;ALTER TABLE "users" ALTER COLUMN "deleted" SET DEFAULT false;ALTER TABLE "users" ALTER COLUMN "deleted" TYPE BOOLEAN;[39m
[34m2024-10-05T12:15:37.540Z DB: Executing (default): ALTER TABLE "users" ALTER COLUMN "createdAt" SET NOT NULL;ALTER TABLE "users" ALTER COLUMN "createdAt" DROP DEFAULT;ALTER TABLE "users" ALTER COLUMN "createdAt" TYPE TIMESTAMP WITH TIME ZONE;[39m
[34m2024-10-05T12:15:37.699Z DB: Executing (default): ALTER TABLE "users" ALTER COLUMN "updatedAt" SET NOT NULL;ALTER TABLE "users" ALTER COLUMN "updatedAt" DROP DEFAULT;ALTER TABLE "users" ALTER COLUMN "updatedAt" TYPE TIMESTAMP WITH TIME ZONE;[39m
[34m2024-10-05T12:15:37.858Z DB: Executing (default): SELECT i.relname AS name, ix.indisprimary AS primary, ix.indisunique AS unique, ix.indkey AS indkey, array_agg(a.attnum) as column_indexes, array_agg(a.attname) AS column_names, pg_get_indexdef(ix.indexrelid) AS definition FROM pg_class t, pg_class i, pg_index ix, pg_attribute a WHERE t.oid = ix.indrelid AND i.oid = ix.indexrelid AND a.attrelid = t.oid AND t.relkind = 'r' and t.relname = 'users' GROUP BY i.relname, ix.indexrelid, ix.indisprimary, ix.indisunique, ix.indkey ORDER BY i.relname;[39m
[34m2024-10-05T12:15:38.179Z DB: Database synced successfully 📚[39m
[34m2024-10-05T12:15:51.183Z DB: Executing (default): INSERT INTO "users" ("id","email","phoneNumber","password","pin","countryCode","username","language","age","dob","country","gender","verifiedOTP","deleted","createdAt","updatedAt") VALUES (DEFAULT,$1,$2,$3,$4,$5,$6,$7,$8,$9,$10,$11,$12,$13,$14,$15) RETURNING "id","email","phoneNumber","password","pin","countryCode","username","language","age","dob","country","gender","otp","otpExpiration","verifiedOTP","deleted","createdAt","updatedAt";[39m
[34m2024-10-05T12:16:48.650Z DB: Executing (default): SELECT 1+1 AS result[39m
[34m2024-10-05T12:16:48.835Z DB: Database connection has been established successfully 💾[39m
[34m2024-10-05T12:16:48.838Z DB: Executing (default): SELECT table_name FROM information_schema.tables WHERE table_schema = 'public' AND table_name = 'users'[39m
[34m2024-10-05T12:16:49.030Z DB: Executing (default): SELECT t.typname enum_name, array_agg(e.enumlabel ORDER BY enumsortorder) enum_value FROM pg_type t JOIN pg_enum e ON t.oid = e.enumtypid JOIN pg_catalog.pg_namespace n ON n.oid = t.typnamespace WHERE n.nspname = 'public' AND t.typname='enum_users_language' GROUP BY 1[39m
[34m2024-10-05T12:16:49.225Z DB: Executing (default): SELECT t.typname enum_name, array_agg(e.enumlabel ORDER BY enumsortorder) enum_value FROM pg_type t JOIN pg_enum e ON t.oid = e.enumtypid JOIN pg_catalog.pg_namespace n ON n.oid = t.typnamespace WHERE n.nspname = 'public' AND t.typname='enum_users_country' GROUP BY 1[39m
[34m2024-10-05T12:16:49.424Z DB: Executing (default): SELECT t.typname enum_name, array_agg(e.enumlabel ORDER BY enumsortorder) enum_value FROM pg_type t JOIN pg_enum e ON t.oid = e.enumtypid JOIN pg_catalog.pg_namespace n ON n.oid = t.typnamespace WHERE n.nspname = 'public' AND t.typname='enum_users_gender' GROUP BY 1[39m
[34m2024-10-05T12:16:49.623Z DB: Executing (default): SELECT pk.constraint_type as "Constraint",c.column_name as "Field", c.column_default as "Default",c.is_nullable as "Null", (CASE WHEN c.udt_name = 'hstore' THEN c.udt_name ELSE c.data_type END) || (CASE WHEN c.character_maximum_length IS NOT NULL THEN '(' || c.character_maximum_length || ')' ELSE '' END) as "Type", (SELECT array_agg(e.enumlabel) FROM pg_catalog.pg_type t JOIN pg_catalog.pg_enum e ON t.oid=e.enumtypid WHERE t.typname=c.udt_name) AS "special", (SELECT pgd.description FROM pg_catalog.pg_statio_all_tables AS st INNER JOIN pg_catalog.pg_description pgd on (pgd.objoid=st.relid) WHERE c.ordinal_position=pgd.objsubid AND c.table_name=st.relname) AS "Comment" FROM information_schema.columns c LEFT JOIN (SELECT tc.table_schema, tc.table_name, cu.column_name, tc.constraint_type FROM information_schema.TABLE_CONSTRAINTS tc JOIN information_schema.KEY_COLUMN_USAGE  cu ON tc.table_schema=cu.table_schema and tc.table_name=cu.table_name and tc.constraint_name=cu.constraint_name and tc.constraint_type='PRIMARY KEY') pk ON pk.table_schema=c.table_schema AND pk.table_name=c.table_name AND pk.column_name=c.column_name WHERE c.table_name = 'users' AND c.table_schema = 'public'[39m
[34m2024-10-05T12:16:49.831Z DB: Executing (default): SELECT DISTINCT tc.constraint_name as constraint_name, tc.constraint_schema as constraint_schema, tc.constraint_catalog as constraint_catalog, tc.table_name as table_name,tc.table_schema as table_schema,tc.table_catalog as table_catalog,tc.initially_deferred as initially_deferred,tc.is_deferrable as is_deferrable,kcu.column_name as column_name,ccu.table_schema  AS referenced_table_schema,ccu.table_catalog  AS referenced_table_catalog,ccu.table_name  AS referenced_table_name,ccu.column_name AS referenced_column_name FROM information_schema.table_constraints AS tc JOIN information_schema.key_column_usage AS kcu ON tc.constraint_name = kcu.constraint_name JOIN information_schema.constraint_column_usage AS ccu ON ccu.constraint_name = tc.constraint_name WHERE constraint_type = 'FOREIGN KEY' AND tc.table_name = 'users' AND tc.table_catalog = 'postgres'[39m
[34m2024-10-05T12:16:50.020Z DB: Executing (default): ALTER TABLE "users" ALTER COLUMN "email" SET NOT NULL;ALTER TABLE "users" ALTER COLUMN "email" DROP DEFAULT;ALTER TABLE "users"  ADD UNIQUE ("email");ALTER TABLE "users" ALTER COLUMN "email" TYPE VARCHAR(255)  ;[39m
[34m2024-10-05T12:16:50.213Z DB: Executing (default): ALTER TABLE "users" ALTER COLUMN "phoneNumber" SET NOT NULL;ALTER TABLE "users" ALTER COLUMN "phoneNumber" DROP DEFAULT;ALTER TABLE "users"  ADD UNIQUE ("phoneNumber");ALTER TABLE "users" ALTER COLUMN "phoneNumber" TYPE VARCHAR(255)  ;[39m
[34m2024-10-05T12:16:50.412Z DB: Executing (default): ALTER TABLE "users" ALTER COLUMN "password" SET NOT NULL;ALTER TABLE "users" ALTER COLUMN "password" DROP DEFAULT;ALTER TABLE "users" ALTER COLUMN "password" TYPE VARCHAR(255);[39m
[34m2024-10-05T12:16:50.593Z DB: Executing (default): ALTER TABLE "users" ALTER COLUMN "pin" SET NOT NULL;ALTER TABLE "users" ALTER COLUMN "pin" DROP DEFAULT;ALTER TABLE "users" ALTER COLUMN "pin" TYPE INTEGER;[39m
[34m2024-10-05T12:16:50.781Z DB: Executing (default): ALTER TABLE "users" ALTER COLUMN "countryCode" SET NOT NULL;ALTER TABLE "users" ALTER COLUMN "countryCode" DROP DEFAULT;ALTER TABLE "users" ALTER COLUMN "countryCode" TYPE VARCHAR(255);[39m
[34m2024-10-05T12:16:50.978Z DB: Executing (default): ALTER TABLE "users" ALTER COLUMN "username" SET NOT NULL;ALTER TABLE "users" ALTER COLUMN "username" DROP DEFAULT;ALTER TABLE "users"  ADD UNIQUE ("username");ALTER TABLE "users" ALTER COLUMN "username" TYPE VARCHAR(255)  ;[39m
[34m2024-10-05T12:16:51.177Z DB: Executing (default): ALTER TABLE "users" ALTER COLUMN "language" SET NOT NULL;ALTER TABLE "users" ALTER COLUMN "language" DROP DEFAULT;DO 'BEGIN CREATE TYPE "public"."enum_users_language" AS ENUM(''English'', ''Español'', ''Français'', ''Deutsch'', ''Italiano'', ''Português''); EXCEPTION WHEN duplicate_object THEN null; END';ALTER TABLE "users" ALTER COLUMN "language" TYPE "public"."enum_users_language" USING ("language"::"public"."enum_users_language");[39m
[34m2024-10-05T12:16:51.372Z DB: Executing (default): ALTER TABLE "users" ALTER COLUMN "age" SET NOT NULL;ALTER TABLE "users" ALTER COLUMN "age" DROP DEFAULT;ALTER TABLE "users" ALTER COLUMN "age" TYPE INTEGER;[39m
[34m2024-10-05T12:16:51.574Z DB: Executing (default): ALTER TABLE "users" ALTER COLUMN "dob" SET NOT NULL;ALTER TABLE "users" ALTER COLUMN "dob" DROP DEFAULT;ALTER TABLE "users" ALTER COLUMN "dob" TYPE DATE;[39m
[34m2024-10-05T12:16:51.773Z DB: Executing (default): ALTER TABLE "users" ALTER COLUMN "country" SET NOT NULL;ALTER TABLE "users" ALTER COLUMN "country" DROP DEFAULT;DO 'BEGIN CREATE TYPE "public"."enum_users_country" AS ENUM(''USA'', ''Canada'', ''UK'', ''Germany'', ''France'', ''Spain'', ''Italy'', ''Japan'', ''Australia'', ''Brazil'', ''Other''); EXCEPTION WHEN duplicate_object THEN null; END';ALTER TABLE "users" ALTER COLUMN "country" TYPE "public"."enum_users_country" USING ("country"::"public"."enum_users_country");[39m
[34m2024-10-05T12:16:51.958Z DB: Executing (default): ALTER TABLE "users" ALTER COLUMN "gender" SET NOT NULL;ALTER TABLE "users" ALTER COLUMN "gender" DROP DEFAULT;DO 'BEGIN CREATE TYPE "public"."enum_users_gender" AS ENUM(''Male'', ''Female'', ''Other''); EXCEPTION WHEN duplicate_object THEN null; END';ALTER TABLE "users" ALTER COLUMN "gender" TYPE "public"."enum_users_gender" USING ("gender"::"public"."enum_users_gender");[39m
[34m2024-10-05T12:16:52.124Z DB: Executing (default): ALTER TABLE "users" ALTER COLUMN "otp" DROP NOT NULL;ALTER TABLE "users" ALTER COLUMN "otp" DROP DEFAULT;ALTER TABLE "users" ALTER COLUMN "otp" TYPE VARCHAR(255);[39m
[34m2024-10-05T12:16:52.298Z DB: Executing (default): ALTER TABLE "users" ALTER COLUMN "otpExpiration" DROP NOT NULL;ALTER TABLE "users" ALTER COLUMN "otpExpiration" DROP DEFAULT;ALTER TABLE "users" ALTER COLUMN "otpExpiration" TYPE TIMESTAMP WITH TIME ZONE;[39m
[34m2024-10-05T12:16:52.492Z DB: Executing (default): ALTER TABLE "users" ALTER COLUMN "verifiedOTP" SET NOT NULL;ALTER TABLE "users" ALTER COLUMN "verifiedOTP" SET DEFAULT false;ALTER TABLE "users" ALTER COLUMN "verifiedOTP" TYPE BOOLEAN;[39m
[34m2024-10-05T12:16:52.679Z DB: Executing (default): ALTER TABLE "users" ALTER COLUMN "deleted" SET NOT NULL;ALTER TABLE "users" ALTER COLUMN "deleted" SET DEFAULT false;ALTER TABLE "users" ALTER COLUMN "deleted" TYPE BOOLEAN;[39m
[34m2024-10-05T12:16:52.874Z DB: Executing (default): ALTER TABLE "users" ALTER COLUMN "createdAt" SET NOT NULL;ALTER TABLE "users" ALTER COLUMN "createdAt" DROP DEFAULT;ALTER TABLE "users" ALTER COLUMN "createdAt" TYPE TIMESTAMP WITH TIME ZONE;[39m
[34m2024-10-05T12:16:53.081Z DB: Executing (default): ALTER TABLE "users" ALTER COLUMN "updatedAt" SET NOT NULL;ALTER TABLE "users" ALTER COLUMN "updatedAt" DROP DEFAULT;ALTER TABLE "users" ALTER COLUMN "updatedAt" TYPE TIMESTAMP WITH TIME ZONE;[39m
[34m2024-10-05T12:16:53.248Z DB: Executing (default): SELECT i.relname AS name, ix.indisprimary AS primary, ix.indisunique AS unique, ix.indkey AS indkey, array_agg(a.attnum) as column_indexes, array_agg(a.attname) AS column_names, pg_get_indexdef(ix.indexrelid) AS definition FROM pg_class t, pg_class i, pg_index ix, pg_attribute a WHERE t.oid = ix.indrelid AND i.oid = ix.indexrelid AND a.attrelid = t.oid AND t.relkind = 'r' and t.relname = 'users' GROUP BY i.relname, ix.indexrelid, ix.indisprimary, ix.indisunique, ix.indkey ORDER BY i.relname;[39m
[34m2024-10-05T12:16:53.588Z DB: Database synced successfully 📚[39m
[34m2024-10-05T12:17:25.364Z DB: Executing (default): SELECT 1+1 AS result[39m
[34m2024-10-05T12:17:25.519Z DB: Database connection has been established successfully 💾[39m
[34m2024-10-05T12:17:25.522Z DB: Executing (default): SELECT table_name FROM information_schema.tables WHERE table_schema = 'public' AND table_name = 'users'[39m
[34m2024-10-05T12:17:25.709Z DB: Executing (default): SELECT t.typname enum_name, array_agg(e.enumlabel ORDER BY enumsortorder) enum_value FROM pg_type t JOIN pg_enum e ON t.oid = e.enumtypid JOIN pg_catalog.pg_namespace n ON n.oid = t.typnamespace WHERE n.nspname = 'public' AND t.typname='enum_users_language' GROUP BY 1[39m
[34m2024-10-05T12:17:26.049Z DB: Executing (default): SELECT t.typname enum_name, array_agg(e.enumlabel ORDER BY enumsortorder) enum_value FROM pg_type t JOIN pg_enum e ON t.oid = e.enumtypid JOIN pg_catalog.pg_namespace n ON n.oid = t.typnamespace WHERE n.nspname = 'public' AND t.typname='enum_users_country' GROUP BY 1[39m
[34m2024-10-05T12:17:26.290Z DB: Executing (default): SELECT t.typname enum_name, array_agg(e.enumlabel ORDER BY enumsortorder) enum_value FROM pg_type t JOIN pg_enum e ON t.oid = e.enumtypid JOIN pg_catalog.pg_namespace n ON n.oid = t.typnamespace WHERE n.nspname = 'public' AND t.typname='enum_users_gender' GROUP BY 1[39m
[34m2024-10-05T12:17:26.481Z DB: Executing (default): SELECT pk.constraint_type as "Constraint",c.column_name as "Field", c.column_default as "Default",c.is_nullable as "Null", (CASE WHEN c.udt_name = 'hstore' THEN c.udt_name ELSE c.data_type END) || (CASE WHEN c.character_maximum_length IS NOT NULL THEN '(' || c.character_maximum_length || ')' ELSE '' END) as "Type", (SELECT array_agg(e.enumlabel) FROM pg_catalog.pg_type t JOIN pg_catalog.pg_enum e ON t.oid=e.enumtypid WHERE t.typname=c.udt_name) AS "special", (SELECT pgd.description FROM pg_catalog.pg_statio_all_tables AS st INNER JOIN pg_catalog.pg_description pgd on (pgd.objoid=st.relid) WHERE c.ordinal_position=pgd.objsubid AND c.table_name=st.relname) AS "Comment" FROM information_schema.columns c LEFT JOIN (SELECT tc.table_schema, tc.table_name, cu.column_name, tc.constraint_type FROM information_schema.TABLE_CONSTRAINTS tc JOIN information_schema.KEY_COLUMN_USAGE  cu ON tc.table_schema=cu.table_schema and tc.table_name=cu.table_name and tc.constraint_name=cu.constraint_name and tc.constraint_type='PRIMARY KEY') pk ON pk.table_schema=c.table_schema AND pk.table_name=c.table_name AND pk.column_name=c.column_name WHERE c.table_name = 'users' AND c.table_schema = 'public'[39m
[34m2024-10-05T12:17:26.648Z DB: Executing (default): SELECT DISTINCT tc.constraint_name as constraint_name, tc.constraint_schema as constraint_schema, tc.constraint_catalog as constraint_catalog, tc.table_name as table_name,tc.table_schema as table_schema,tc.table_catalog as table_catalog,tc.initially_deferred as initially_deferred,tc.is_deferrable as is_deferrable,kcu.column_name as column_name,ccu.table_schema  AS referenced_table_schema,ccu.table_catalog  AS referenced_table_catalog,ccu.table_name  AS referenced_table_name,ccu.column_name AS referenced_column_name FROM information_schema.table_constraints AS tc JOIN information_schema.key_column_usage AS kcu ON tc.constraint_name = kcu.constraint_name JOIN information_schema.constraint_column_usage AS ccu ON ccu.constraint_name = tc.constraint_name WHERE constraint_type = 'FOREIGN KEY' AND tc.table_name = 'users' AND tc.table_catalog = 'postgres'[39m
[34m2024-10-05T12:17:26.953Z DB: Executing (default): ALTER TABLE "users" ALTER COLUMN "email" SET NOT NULL;ALTER TABLE "users" ALTER COLUMN "email" DROP DEFAULT;ALTER TABLE "users"  ADD UNIQUE ("email");ALTER TABLE "users" ALTER COLUMN "email" TYPE VARCHAR(255)  ;[39m
[34m2024-10-05T12:17:27.123Z DB: Executing (default): ALTER TABLE "users" ALTER COLUMN "phoneNumber" SET NOT NULL;ALTER TABLE "users" ALTER COLUMN "phoneNumber" DROP DEFAULT;ALTER TABLE "users"  ADD UNIQUE ("phoneNumber");ALTER TABLE "users" ALTER COLUMN "phoneNumber" TYPE VARCHAR(255)  ;[39m
[34m2024-10-05T12:17:27.351Z DB: Executing (default): ALTER TABLE "users" ALTER COLUMN "password" SET NOT NULL;ALTER TABLE "users" ALTER COLUMN "password" DROP DEFAULT;ALTER TABLE "users" ALTER COLUMN "password" TYPE VARCHAR(255);[39m
[34m2024-10-05T12:17:27.520Z DB: Executing (default): ALTER TABLE "users" ALTER COLUMN "pin" SET NOT NULL;ALTER TABLE "users" ALTER COLUMN "pin" DROP DEFAULT;ALTER TABLE "users" ALTER COLUMN "pin" TYPE INTEGER;[39m
[34m2024-10-05T12:17:27.706Z DB: Executing (default): ALTER TABLE "users" ALTER COLUMN "countryCode" SET NOT NULL;ALTER TABLE "users" ALTER COLUMN "countryCode" DROP DEFAULT;ALTER TABLE "users" ALTER COLUMN "countryCode" TYPE VARCHAR(255);[39m
[34m2024-10-05T12:17:28.034Z DB: Executing (default): ALTER TABLE "users" ALTER COLUMN "username" SET NOT NULL;ALTER TABLE "users" ALTER COLUMN "username" DROP DEFAULT;ALTER TABLE "users"  ADD UNIQUE ("username");ALTER TABLE "users" ALTER COLUMN "username" TYPE VARCHAR(255)  ;[39m
[34m2024-10-05T12:17:28.246Z DB: Executing (default): ALTER TABLE "users" ALTER COLUMN "language" SET NOT NULL;ALTER TABLE "users" ALTER COLUMN "language" DROP DEFAULT;DO 'BEGIN CREATE TYPE "public"."enum_users_language" AS ENUM(''English'', ''Español'', ''Français'', ''Deutsch'', ''Italiano'', ''Português''); EXCEPTION WHEN duplicate_object THEN null; END';ALTER TABLE "users" ALTER COLUMN "language" TYPE "public"."enum_users_language" USING ("language"::"public"."enum_users_language");[39m
[34m2024-10-05T12:17:28.405Z DB: Executing (default): ALTER TABLE "users" ALTER COLUMN "age" SET NOT NULL;ALTER TABLE "users" ALTER COLUMN "age" DROP DEFAULT;ALTER TABLE "users" ALTER COLUMN "age" TYPE INTEGER;[39m
[34m2024-10-05T12:17:28.562Z DB: Executing (default): ALTER TABLE "users" ALTER COLUMN "dob" SET NOT NULL;ALTER TABLE "users" ALTER COLUMN "dob" DROP DEFAULT;ALTER TABLE "users" ALTER COLUMN "dob" TYPE DATE;[39m
[34m2024-10-05T12:17:28.730Z DB: Executing (default): ALTER TABLE "users" ALTER COLUMN "country" SET NOT NULL;ALTER TABLE "users" ALTER COLUMN "country" DROP DEFAULT;DO 'BEGIN CREATE TYPE "public"."enum_users_country" AS ENUM(''USA'', ''Canada'', ''UK'', ''Germany'', ''France'', ''Spain'', ''Italy'', ''Japan'', ''Australia'', ''Brazil'', ''Other''); EXCEPTION WHEN duplicate_object THEN null; END';ALTER TABLE "users" ALTER COLUMN "country" TYPE "public"."enum_users_country" USING ("country"::"public"."enum_users_country");[39m
[34m2024-10-05T12:17:29.053Z DB: Executing (default): ALTER TABLE "users" ALTER COLUMN "gender" SET NOT NULL;ALTER TABLE "users" ALTER COLUMN "gender" DROP DEFAULT;DO 'BEGIN CREATE TYPE "public"."enum_users_gender" AS ENUM(''Male'', ''Female'', ''Other''); EXCEPTION WHEN duplicate_object THEN null; END';ALTER TABLE "users" ALTER COLUMN "gender" TYPE "public"."enum_users_gender" USING ("gender"::"public"."enum_users_gender");[39m
[34m2024-10-05T12:17:29.242Z DB: Executing (default): ALTER TABLE "users" ALTER COLUMN "otp" DROP NOT NULL;ALTER TABLE "users" ALTER COLUMN "otp" DROP DEFAULT;ALTER TABLE "users" ALTER COLUMN "otp" TYPE VARCHAR(255);[39m
[34m2024-10-05T12:17:29.444Z DB: Executing (default): ALTER TABLE "users" ALTER COLUMN "otpExpiration" DROP NOT NULL;ALTER TABLE "users" ALTER COLUMN "otpExpiration" DROP DEFAULT;ALTER TABLE "users" ALTER COLUMN "otpExpiration" TYPE TIMESTAMP WITH TIME ZONE;[39m
[34m2024-10-05T12:17:29.647Z DB: Executing (default): ALTER TABLE "users" ALTER COLUMN "verifiedOTP" SET NOT NULL;ALTER TABLE "users" ALTER COLUMN "verifiedOTP" SET DEFAULT false;ALTER TABLE "users" ALTER COLUMN "verifiedOTP" TYPE BOOLEAN;[39m
[34m2024-10-05T12:17:29.810Z DB: Executing (default): ALTER TABLE "users" ALTER COLUMN "deleted" SET NOT NULL;ALTER TABLE "users" ALTER COLUMN "deleted" SET DEFAULT false;ALTER TABLE "users" ALTER COLUMN "deleted" TYPE BOOLEAN;[39m
[34m2024-10-05T12:17:30.092Z DB: Executing (default): ALTER TABLE "users" ALTER COLUMN "createdAt" SET NOT NULL;ALTER TABLE "users" ALTER COLUMN "createdAt" DROP DEFAULT;ALTER TABLE "users" ALTER COLUMN "createdAt" TYPE TIMESTAMP WITH TIME ZONE;[39m
[34m2024-10-05T12:17:30.260Z DB: Executing (default): ALTER TABLE "users" ALTER COLUMN "updatedAt" SET NOT NULL;ALTER TABLE "users" ALTER COLUMN "updatedAt" DROP DEFAULT;ALTER TABLE "users" ALTER COLUMN "updatedAt" TYPE TIMESTAMP WITH TIME ZONE;[39m
[34m2024-10-05T12:17:30.487Z DB: Executing (default): SELECT i.relname AS name, ix.indisprimary AS primary, ix.indisunique AS unique, ix.indkey AS indkey, array_agg(a.attnum) as column_indexes, array_agg(a.attname) AS column_names, pg_get_indexdef(ix.indexrelid) AS definition FROM pg_class t, pg_class i, pg_index ix, pg_attribute a WHERE t.oid = ix.indrelid AND i.oid = ix.indexrelid AND a.attrelid = t.oid AND t.relkind = 'r' and t.relname = 'users' GROUP BY i.relname, ix.indexrelid, ix.indisprimary, ix.indisunique, ix.indkey ORDER BY i.relname;[39m
[34m2024-10-05T12:17:30.881Z DB: Database synced successfully 📚[39m
[34m2024-10-05T12:17:41.126Z DB: Executing (default): SELECT 1+1 AS result[39m
[34m2024-10-05T12:17:41.284Z DB: Database connection has been established successfully 💾[39m
[34m2024-10-05T12:17:41.291Z DB: Executing (default): SELECT table_name FROM information_schema.tables WHERE table_schema = 'public' AND table_name = 'users'[39m
[34m2024-10-05T12:17:41.462Z DB: Executing (default): SELECT t.typname enum_name, array_agg(e.enumlabel ORDER BY enumsortorder) enum_value FROM pg_type t JOIN pg_enum e ON t.oid = e.enumtypid JOIN pg_catalog.pg_namespace n ON n.oid = t.typnamespace WHERE n.nspname = 'public' AND t.typname='enum_users_language' GROUP BY 1[39m
[34m2024-10-05T12:17:41.645Z DB: Executing (default): SELECT t.typname enum_name, array_agg(e.enumlabel ORDER BY enumsortorder) enum_value FROM pg_type t JOIN pg_enum e ON t.oid = e.enumtypid JOIN pg_catalog.pg_namespace n ON n.oid = t.typnamespace WHERE n.nspname = 'public' AND t.typname='enum_users_country' GROUP BY 1[39m
[34m2024-10-05T12:17:41.799Z DB: Executing (default): SELECT t.typname enum_name, array_agg(e.enumlabel ORDER BY enumsortorder) enum_value FROM pg_type t JOIN pg_enum e ON t.oid = e.enumtypid JOIN pg_catalog.pg_namespace n ON n.oid = t.typnamespace WHERE n.nspname = 'public' AND t.typname='enum_users_gender' GROUP BY 1[39m
[34m2024-10-05T12:17:42.031Z DB: Executing (default): SELECT pk.constraint_type as "Constraint",c.column_name as "Field", c.column_default as "Default",c.is_nullable as "Null", (CASE WHEN c.udt_name = 'hstore' THEN c.udt_name ELSE c.data_type END) || (CASE WHEN c.character_maximum_length IS NOT NULL THEN '(' || c.character_maximum_length || ')' ELSE '' END) as "Type", (SELECT array_agg(e.enumlabel) FROM pg_catalog.pg_type t JOIN pg_catalog.pg_enum e ON t.oid=e.enumtypid WHERE t.typname=c.udt_name) AS "special", (SELECT pgd.description FROM pg_catalog.pg_statio_all_tables AS st INNER JOIN pg_catalog.pg_description pgd on (pgd.objoid=st.relid) WHERE c.ordinal_position=pgd.objsubid AND c.table_name=st.relname) AS "Comment" FROM information_schema.columns c LEFT JOIN (SELECT tc.table_schema, tc.table_name, cu.column_name, tc.constraint_type FROM information_schema.TABLE_CONSTRAINTS tc JOIN information_schema.KEY_COLUMN_USAGE  cu ON tc.table_schema=cu.table_schema and tc.table_name=cu.table_name and tc.constraint_name=cu.constraint_name and tc.constraint_type='PRIMARY KEY') pk ON pk.table_schema=c.table_schema AND pk.table_name=c.table_name AND pk.column_name=c.column_name WHERE c.table_name = 'users' AND c.table_schema = 'public'[39m
[34m2024-10-05T12:17:42.202Z DB: Executing (default): SELECT DISTINCT tc.constraint_name as constraint_name, tc.constraint_schema as constraint_schema, tc.constraint_catalog as constraint_catalog, tc.table_name as table_name,tc.table_schema as table_schema,tc.table_catalog as table_catalog,tc.initially_deferred as initially_deferred,tc.is_deferrable as is_deferrable,kcu.column_name as column_name,ccu.table_schema  AS referenced_table_schema,ccu.table_catalog  AS referenced_table_catalog,ccu.table_name  AS referenced_table_name,ccu.column_name AS referenced_column_name FROM information_schema.table_constraints AS tc JOIN information_schema.key_column_usage AS kcu ON tc.constraint_name = kcu.constraint_name JOIN information_schema.constraint_column_usage AS ccu ON ccu.constraint_name = tc.constraint_name WHERE constraint_type = 'FOREIGN KEY' AND tc.table_name = 'users' AND tc.table_catalog = 'postgres'[39m
[34m2024-10-05T12:17:42.362Z DB: Executing (default): ALTER TABLE "users" ALTER COLUMN "email" SET NOT NULL;ALTER TABLE "users" ALTER COLUMN "email" DROP DEFAULT;ALTER TABLE "users"  ADD UNIQUE ("email");ALTER TABLE "users" ALTER COLUMN "email" TYPE VARCHAR(255)  ;[39m
[34m2024-10-05T12:17:42.688Z DB: Executing (default): ALTER TABLE "users" ALTER COLUMN "phoneNumber" SET NOT NULL;ALTER TABLE "users" ALTER COLUMN "phoneNumber" DROP DEFAULT;ALTER TABLE "users"  ADD UNIQUE ("phoneNumber");ALTER TABLE "users" ALTER COLUMN "phoneNumber" TYPE VARCHAR(255)  ;[39m
[34m2024-10-05T12:17:42.856Z DB: Executing (default): ALTER TABLE "users" ALTER COLUMN "password" SET NOT NULL;ALTER TABLE "users" ALTER COLUMN "password" DROP DEFAULT;ALTER TABLE "users" ALTER COLUMN "password" TYPE VARCHAR(255);[39m
[34m2024-10-05T12:17:43.072Z DB: Executing (default): ALTER TABLE "users" ALTER COLUMN "pin" SET NOT NULL;ALTER TABLE "users" ALTER COLUMN "pin" DROP DEFAULT;ALTER TABLE "users" ALTER COLUMN "pin" TYPE INTEGER;[39m
[34m2024-10-05T12:17:43.236Z DB: Executing (default): ALTER TABLE "users" ALTER COLUMN "countryCode" SET NOT NULL;ALTER TABLE "users" ALTER COLUMN "countryCode" DROP DEFAULT;ALTER TABLE "users" ALTER COLUMN "countryCode" TYPE VARCHAR(255);[39m
[34m2024-10-05T12:17:43.392Z DB: Executing (default): ALTER TABLE "users" ALTER COLUMN "username" SET NOT NULL;ALTER TABLE "users" ALTER COLUMN "username" DROP DEFAULT;ALTER TABLE "users"  ADD UNIQUE ("username");ALTER TABLE "users" ALTER COLUMN "username" TYPE VARCHAR(255)  ;[39m
[34m2024-10-05T12:17:43.762Z DB: Executing (default): ALTER TABLE "users" ALTER COLUMN "language" SET NOT NULL;ALTER TABLE "users" ALTER COLUMN "language" DROP DEFAULT;DO 'BEGIN CREATE TYPE "public"."enum_users_language" AS ENUM(''English'', ''Español'', ''Français'', ''Deutsch'', ''Italiano'', ''Português''); EXCEPTION WHEN duplicate_object THEN null; END';ALTER TABLE "users" ALTER COLUMN "language" TYPE "public"."enum_users_language" USING ("language"::"public"."enum_users_language");[39m
[34m2024-10-05T12:17:43.926Z DB: Executing (default): ALTER TABLE "users" ALTER COLUMN "age" SET NOT NULL;ALTER TABLE "users" ALTER COLUMN "age" DROP DEFAULT;ALTER TABLE "users" ALTER COLUMN "age" TYPE INTEGER;[39m
[34m2024-10-05T12:17:44.122Z DB: Executing (default): ALTER TABLE "users" ALTER COLUMN "dob" SET NOT NULL;ALTER TABLE "users" ALTER COLUMN "dob" DROP DEFAULT;ALTER TABLE "users" ALTER COLUMN "dob" TYPE DATE;[39m
[34m2024-10-05T12:17:44.288Z DB: Executing (default): ALTER TABLE "users" ALTER COLUMN "country" SET NOT NULL;ALTER TABLE "users" ALTER COLUMN "country" DROP DEFAULT;DO 'BEGIN CREATE TYPE "public"."enum_users_country" AS ENUM(''USA'', ''Canada'', ''UK'', ''Germany'', ''France'', ''Spain'', ''Italy'', ''Japan'', ''Australia'', ''Brazil'', ''Other''); EXCEPTION WHEN duplicate_object THEN null; END';ALTER TABLE "users" ALTER COLUMN "country" TYPE "public"."enum_users_country" USING ("country"::"public"."enum_users_country");[39m
[34m2024-10-05T12:17:44.449Z DB: Executing (default): ALTER TABLE "users" ALTER COLUMN "gender" SET NOT NULL;ALTER TABLE "users" ALTER COLUMN "gender" DROP DEFAULT;DO 'BEGIN CREATE TYPE "public"."enum_users_gender" AS ENUM(''Male'', ''Female'', ''Other''); EXCEPTION WHEN duplicate_object THEN null; END';ALTER TABLE "users" ALTER COLUMN "gender" TYPE "public"."enum_users_gender" USING ("gender"::"public"."enum_users_gender");[39m
[34m2024-10-05T12:17:44.617Z DB: Executing (default): ALTER TABLE "users" ALTER COLUMN "otp" DROP NOT NULL;ALTER TABLE "users" ALTER COLUMN "otp" DROP DEFAULT;ALTER TABLE "users" ALTER COLUMN "otp" TYPE VARCHAR(255);[39m
[34m2024-10-05T12:17:44.923Z DB: Executing (default): ALTER TABLE "users" ALTER COLUMN "otpExpiration" DROP NOT NULL;ALTER TABLE "users" ALTER COLUMN "otpExpiration" DROP DEFAULT;ALTER TABLE "users" ALTER COLUMN "otpExpiration" TYPE TIMESTAMP WITH TIME ZONE;[39m
[34m2024-10-05T12:17:45.169Z DB: Executing (default): ALTER TABLE "users" ALTER COLUMN "verifiedOTP" SET NOT NULL;ALTER TABLE "users" ALTER COLUMN "verifiedOTP" SET DEFAULT false;ALTER TABLE "users" ALTER COLUMN "verifiedOTP" TYPE BOOLEAN;[39m
[34m2024-10-05T12:17:45.327Z DB: Executing (default): ALTER TABLE "users" ALTER COLUMN "deleted" SET NOT NULL;ALTER TABLE "users" ALTER COLUMN "deleted" SET DEFAULT false;ALTER TABLE "users" ALTER COLUMN "deleted" TYPE BOOLEAN;[39m
[34m2024-10-05T12:17:45.486Z DB: Executing (default): ALTER TABLE "users" ALTER COLUMN "createdAt" SET NOT NULL;ALTER TABLE "users" ALTER COLUMN "createdAt" DROP DEFAULT;ALTER TABLE "users" ALTER COLUMN "createdAt" TYPE TIMESTAMP WITH TIME ZONE;[39m
[34m2024-10-05T12:17:45.829Z DB: Executing (default): ALTER TABLE "users" ALTER COLUMN "updatedAt" SET NOT NULL;ALTER TABLE "users" ALTER COLUMN "updatedAt" DROP DEFAULT;ALTER TABLE "users" ALTER COLUMN "updatedAt" TYPE TIMESTAMP WITH TIME ZONE;[39m
[34m2024-10-05T12:17:45.994Z DB: Executing (default): SELECT i.relname AS name, ix.indisprimary AS primary, ix.indisunique AS unique, ix.indkey AS indkey, array_agg(a.attnum) as column_indexes, array_agg(a.attname) AS column_names, pg_get_indexdef(ix.indexrelid) AS definition FROM pg_class t, pg_class i, pg_index ix, pg_attribute a WHERE t.oid = ix.indrelid AND i.oid = ix.indexrelid AND a.attrelid = t.oid AND t.relkind = 'r' and t.relname = 'users' GROUP BY i.relname, ix.indexrelid, ix.indisprimary, ix.indisunique, ix.indkey ORDER BY i.relname;[39m
[34m2024-10-05T12:17:46.405Z DB: Database synced successfully 📚[39m
[34m2024-10-05T12:17:58.472Z DB: Executing (default): INSERT INTO "users" ("id","email","phoneNumber","password","pin","countryCode","username","language","age","dob","country","gender","verifiedOTP","deleted","createdAt","updatedAt") VALUES (DEFAULT,$1,$2,$3,$4,$5,$6,$7,$8,$9,$10,$11,$12,$13,$14,$15) RETURNING "id","email","phoneNumber","password","pin","countryCode","username","language","age","dob","country","gender","otp","otpExpiration","verifiedOTP","deleted","createdAt","updatedAt";[39m
[34m2024-10-05T12:20:43.133Z DB: Executing (default): SELECT 1+1 AS result[39m
[34m2024-10-05T12:20:43.302Z DB: Database connection has been established successfully 💾[39m
[34m2024-10-05T12:20:43.306Z DB: Executing (default): SELECT table_name FROM information_schema.tables WHERE table_schema = 'public' AND table_name = 'users'[39m
[34m2024-10-05T12:20:43.484Z DB: Executing (default): SELECT t.typname enum_name, array_agg(e.enumlabel ORDER BY enumsortorder) enum_value FROM pg_type t JOIN pg_enum e ON t.oid = e.enumtypid JOIN pg_catalog.pg_namespace n ON n.oid = t.typnamespace WHERE n.nspname = 'public' AND t.typname='enum_users_language' GROUP BY 1[39m
[34m2024-10-05T12:20:43.662Z DB: Executing (default): SELECT t.typname enum_name, array_agg(e.enumlabel ORDER BY enumsortorder) enum_value FROM pg_type t JOIN pg_enum e ON t.oid = e.enumtypid JOIN pg_catalog.pg_namespace n ON n.oid = t.typnamespace WHERE n.nspname = 'public' AND t.typname='enum_users_country' GROUP BY 1[39m
[34m2024-10-05T12:20:43.838Z DB: Executing (default): SELECT t.typname enum_name, array_agg(e.enumlabel ORDER BY enumsortorder) enum_value FROM pg_type t JOIN pg_enum e ON t.oid = e.enumtypid JOIN pg_catalog.pg_namespace n ON n.oid = t.typnamespace WHERE n.nspname = 'public' AND t.typname='enum_users_gender' GROUP BY 1[39m
[34m2024-10-05T12:20:44.026Z DB: Executing (default): SELECT pk.constraint_type as "Constraint",c.column_name as "Field", c.column_default as "Default",c.is_nullable as "Null", (CASE WHEN c.udt_name = 'hstore' THEN c.udt_name ELSE c.data_type END) || (CASE WHEN c.character_maximum_length IS NOT NULL THEN '(' || c.character_maximum_length || ')' ELSE '' END) as "Type", (SELECT array_agg(e.enumlabel) FROM pg_catalog.pg_type t JOIN pg_catalog.pg_enum e ON t.oid=e.enumtypid WHERE t.typname=c.udt_name) AS "special", (SELECT pgd.description FROM pg_catalog.pg_statio_all_tables AS st INNER JOIN pg_catalog.pg_description pgd on (pgd.objoid=st.relid) WHERE c.ordinal_position=pgd.objsubid AND c.table_name=st.relname) AS "Comment" FROM information_schema.columns c LEFT JOIN (SELECT tc.table_schema, tc.table_name, cu.column_name, tc.constraint_type FROM information_schema.TABLE_CONSTRAINTS tc JOIN information_schema.KEY_COLUMN_USAGE  cu ON tc.table_schema=cu.table_schema and tc.table_name=cu.table_name and tc.constraint_name=cu.constraint_name and tc.constraint_type='PRIMARY KEY') pk ON pk.table_schema=c.table_schema AND pk.table_name=c.table_name AND pk.column_name=c.column_name WHERE c.table_name = 'users' AND c.table_schema = 'public'[39m
[34m2024-10-05T12:20:44.243Z DB: Executing (default): SELECT DISTINCT tc.constraint_name as constraint_name, tc.constraint_schema as constraint_schema, tc.constraint_catalog as constraint_catalog, tc.table_name as table_name,tc.table_schema as table_schema,tc.table_catalog as table_catalog,tc.initially_deferred as initially_deferred,tc.is_deferrable as is_deferrable,kcu.column_name as column_name,ccu.table_schema  AS referenced_table_schema,ccu.table_catalog  AS referenced_table_catalog,ccu.table_name  AS referenced_table_name,ccu.column_name AS referenced_column_name FROM information_schema.table_constraints AS tc JOIN information_schema.key_column_usage AS kcu ON tc.constraint_name = kcu.constraint_name JOIN information_schema.constraint_column_usage AS ccu ON ccu.constraint_name = tc.constraint_name WHERE constraint_type = 'FOREIGN KEY' AND tc.table_name = 'users' AND tc.table_catalog = 'postgres'[39m
[34m2024-10-05T12:20:44.438Z DB: Executing (default): ALTER TABLE "users" ALTER COLUMN "email" SET NOT NULL;ALTER TABLE "users" ALTER COLUMN "email" DROP DEFAULT;ALTER TABLE "users"  ADD UNIQUE ("email");ALTER TABLE "users" ALTER COLUMN "email" TYPE VARCHAR(255)  ;[39m
[34m2024-10-05T12:20:44.632Z DB: Executing (default): ALTER TABLE "users" ALTER COLUMN "phoneNumber" SET NOT NULL;ALTER TABLE "users" ALTER COLUMN "phoneNumber" DROP DEFAULT;ALTER TABLE "users"  ADD UNIQUE ("phoneNumber");ALTER TABLE "users" ALTER COLUMN "phoneNumber" TYPE VARCHAR(255)  ;[39m
[34m2024-10-05T12:20:44.806Z DB: Executing (default): ALTER TABLE "users" ALTER COLUMN "password" SET NOT NULL;ALTER TABLE "users" ALTER COLUMN "password" DROP DEFAULT;ALTER TABLE "users" ALTER COLUMN "password" TYPE VARCHAR(255);[39m
[34m2024-10-05T12:20:44.981Z DB: Executing (default): ALTER TABLE "users" ALTER COLUMN "pin" SET NOT NULL;ALTER TABLE "users" ALTER COLUMN "pin" DROP DEFAULT;ALTER TABLE "users" ALTER COLUMN "pin" TYPE INTEGER;[39m
[34m2024-10-05T12:20:45.166Z DB: Executing (default): ALTER TABLE "users" ALTER COLUMN "countryCode" SET NOT NULL;ALTER TABLE "users" ALTER COLUMN "countryCode" DROP DEFAULT;ALTER TABLE "users" ALTER COLUMN "countryCode" TYPE VARCHAR(255);[39m
[34m2024-10-05T12:20:45.332Z DB: Executing (default): ALTER TABLE "users" ALTER COLUMN "username" SET NOT NULL;ALTER TABLE "users" ALTER COLUMN "username" DROP DEFAULT;ALTER TABLE "users"  ADD UNIQUE ("username");ALTER TABLE "users" ALTER COLUMN "username" TYPE VARCHAR(255)  ;[39m
[34m2024-10-05T12:20:45.512Z DB: Executing (default): ALTER TABLE "users" ALTER COLUMN "language" SET NOT NULL;ALTER TABLE "users" ALTER COLUMN "language" DROP DEFAULT;DO 'BEGIN CREATE TYPE "public"."enum_users_language" AS ENUM(''English'', ''Español'', ''Français'', ''Deutsch'', ''Italiano'', ''Português''); EXCEPTION WHEN duplicate_object THEN null; END';ALTER TABLE "users" ALTER COLUMN "language" TYPE "public"."enum_users_language" USING ("language"::"public"."enum_users_language");[39m
[34m2024-10-05T12:20:45.696Z DB: Executing (default): ALTER TABLE "users" ALTER COLUMN "age" SET NOT NULL;ALTER TABLE "users" ALTER COLUMN "age" DROP DEFAULT;ALTER TABLE "users" ALTER COLUMN "age" TYPE INTEGER;[39m
[34m2024-10-05T12:20:45.859Z DB: Executing (default): ALTER TABLE "users" ALTER COLUMN "dob" SET NOT NULL;ALTER TABLE "users" ALTER COLUMN "dob" DROP DEFAULT;ALTER TABLE "users" ALTER COLUMN "dob" TYPE DATE;[39m
[34m2024-10-05T12:20:46.012Z DB: Executing (default): ALTER TABLE "users" ALTER COLUMN "country" SET NOT NULL;ALTER TABLE "users" ALTER COLUMN "country" DROP DEFAULT;DO 'BEGIN CREATE TYPE "public"."enum_users_country" AS ENUM(''USA'', ''Canada'', ''UK'', ''Germany'', ''France'', ''Spain'', ''Italy'', ''Japan'', ''Australia'', ''Brazil'', ''Other''); EXCEPTION WHEN duplicate_object THEN null; END';ALTER TABLE "users" ALTER COLUMN "country" TYPE "public"."enum_users_country" USING ("country"::"public"."enum_users_country");[39m
[34m2024-10-05T12:20:46.169Z DB: Executing (default): ALTER TABLE "users" ALTER COLUMN "gender" SET NOT NULL;ALTER TABLE "users" ALTER COLUMN "gender" DROP DEFAULT;DO 'BEGIN CREATE TYPE "public"."enum_users_gender" AS ENUM(''Male'', ''Female'', ''Other''); EXCEPTION WHEN duplicate_object THEN null; END';ALTER TABLE "users" ALTER COLUMN "gender" TYPE "public"."enum_users_gender" USING ("gender"::"public"."enum_users_gender");[39m
[34m2024-10-05T12:20:46.330Z DB: Executing (default): ALTER TABLE "users" ALTER COLUMN "otp" DROP NOT NULL;ALTER TABLE "users" ALTER COLUMN "otp" DROP DEFAULT;ALTER TABLE "users" ALTER COLUMN "otp" TYPE VARCHAR(255);[39m
[34m2024-10-05T12:20:46.490Z DB: Executing (default): ALTER TABLE "users" ALTER COLUMN "otpExpiration" DROP NOT NULL;ALTER TABLE "users" ALTER COLUMN "otpExpiration" DROP DEFAULT;ALTER TABLE "users" ALTER COLUMN "otpExpiration" TYPE TIMESTAMP WITH TIME ZONE;[39m
[34m2024-10-05T12:20:46.641Z DB: Executing (default): ALTER TABLE "users" ALTER COLUMN "verifiedOTP" SET NOT NULL;ALTER TABLE "users" ALTER COLUMN "verifiedOTP" SET DEFAULT false;ALTER TABLE "users" ALTER COLUMN "verifiedOTP" TYPE BOOLEAN;[39m
[34m2024-10-05T12:20:46.802Z DB: Executing (default): ALTER TABLE "users" ALTER COLUMN "deleted" SET NOT NULL;ALTER TABLE "users" ALTER COLUMN "deleted" SET DEFAULT false;ALTER TABLE "users" ALTER COLUMN "deleted" TYPE BOOLEAN;[39m
[34m2024-10-05T12:20:46.956Z DB: Executing (default): ALTER TABLE "users" ALTER COLUMN "createdAt" SET NOT NULL;ALTER TABLE "users" ALTER COLUMN "createdAt" DROP DEFAULT;ALTER TABLE "users" ALTER COLUMN "createdAt" TYPE TIMESTAMP WITH TIME ZONE;[39m
[34m2024-10-05T12:20:47.108Z DB: Executing (default): ALTER TABLE "users" ALTER COLUMN "updatedAt" SET NOT NULL;ALTER TABLE "users" ALTER COLUMN "updatedAt" DROP DEFAULT;ALTER TABLE "users" ALTER COLUMN "updatedAt" TYPE TIMESTAMP WITH TIME ZONE;[39m
[34m2024-10-05T12:20:47.266Z DB: Executing (default): SELECT i.relname AS name, ix.indisprimary AS primary, ix.indisunique AS unique, ix.indkey AS indkey, array_agg(a.attnum) as column_indexes, array_agg(a.attname) AS column_names, pg_get_indexdef(ix.indexrelid) AS definition FROM pg_class t, pg_class i, pg_index ix, pg_attribute a WHERE t.oid = ix.indrelid AND i.oid = ix.indexrelid AND a.attrelid = t.oid AND t.relkind = 'r' and t.relname = 'users' GROUP BY i.relname, ix.indexrelid, ix.indisprimary, ix.indisunique, ix.indkey ORDER BY i.relname;[39m
[34m2024-10-05T12:20:47.581Z DB: Database synced successfully 📚[39m
[34m2024-10-05T12:20:49.623Z DB: Executing (default): INSERT INTO "users" ("id","email","phoneNumber","password","pin","countryCode","username","language","age","dob","country","gender","verifiedOTP","deleted","createdAt","updatedAt") VALUES (DEFAULT,$1,$2,$3,$4,$5,$6,$7,$8,$9,$10,$11,$12,$13,$14,$15) RETURNING "id","email","phoneNumber","password","pin","countryCode","username","language","age","dob","country","gender","otp","otpExpiration","verifiedOTP","deleted","createdAt","updatedAt";[39m
[34m2024-10-05T12:21:10.189Z DB: Executing (default): SELECT 1+1 AS result[39m
[34m2024-10-05T12:21:10.342Z DB: Database connection has been established successfully 💾[39m
[34m2024-10-05T12:21:10.347Z DB: Executing (default): SELECT table_name FROM information_schema.tables WHERE table_schema = 'public' AND table_name = 'users'[39m
[34m2024-10-05T12:21:10.503Z DB: Executing (default): SELECT t.typname enum_name, array_agg(e.enumlabel ORDER BY enumsortorder) enum_value FROM pg_type t JOIN pg_enum e ON t.oid = e.enumtypid JOIN pg_catalog.pg_namespace n ON n.oid = t.typnamespace WHERE n.nspname = 'public' AND t.typname='enum_users_language' GROUP BY 1[39m
[34m2024-10-05T12:21:10.714Z DB: Executing (default): SELECT t.typname enum_name, array_agg(e.enumlabel ORDER BY enumsortorder) enum_value FROM pg_type t JOIN pg_enum e ON t.oid = e.enumtypid JOIN pg_catalog.pg_namespace n ON n.oid = t.typnamespace WHERE n.nspname = 'public' AND t.typname='enum_users_country' GROUP BY 1[39m
[34m2024-10-05T12:21:10.864Z DB: Executing (default): SELECT t.typname enum_name, array_agg(e.enumlabel ORDER BY enumsortorder) enum_value FROM pg_type t JOIN pg_enum e ON t.oid = e.enumtypid JOIN pg_catalog.pg_namespace n ON n.oid = t.typnamespace WHERE n.nspname = 'public' AND t.typname='enum_users_gender' GROUP BY 1[39m
[34m2024-10-05T12:21:11.019Z DB: Executing (default): SELECT pk.constraint_type as "Constraint",c.column_name as "Field", c.column_default as "Default",c.is_nullable as "Null", (CASE WHEN c.udt_name = 'hstore' THEN c.udt_name ELSE c.data_type END) || (CASE WHEN c.character_maximum_length IS NOT NULL THEN '(' || c.character_maximum_length || ')' ELSE '' END) as "Type", (SELECT array_agg(e.enumlabel) FROM pg_catalog.pg_type t JOIN pg_catalog.pg_enum e ON t.oid=e.enumtypid WHERE t.typname=c.udt_name) AS "special", (SELECT pgd.description FROM pg_catalog.pg_statio_all_tables AS st INNER JOIN pg_catalog.pg_description pgd on (pgd.objoid=st.relid) WHERE c.ordinal_position=pgd.objsubid AND c.table_name=st.relname) AS "Comment" FROM information_schema.columns c LEFT JOIN (SELECT tc.table_schema, tc.table_name, cu.column_name, tc.constraint_type FROM information_schema.TABLE_CONSTRAINTS tc JOIN information_schema.KEY_COLUMN_USAGE  cu ON tc.table_schema=cu.table_schema and tc.table_name=cu.table_name and tc.constraint_name=cu.constraint_name and tc.constraint_type='PRIMARY KEY') pk ON pk.table_schema=c.table_schema AND pk.table_name=c.table_name AND pk.column_name=c.column_name WHERE c.table_name = 'users' AND c.table_schema = 'public'[39m
[34m2024-10-05T12:21:11.397Z DB: Executing (default): SELECT DISTINCT tc.constraint_name as constraint_name, tc.constraint_schema as constraint_schema, tc.constraint_catalog as constraint_catalog, tc.table_name as table_name,tc.table_schema as table_schema,tc.table_catalog as table_catalog,tc.initially_deferred as initially_deferred,tc.is_deferrable as is_deferrable,kcu.column_name as column_name,ccu.table_schema  AS referenced_table_schema,ccu.table_catalog  AS referenced_table_catalog,ccu.table_name  AS referenced_table_name,ccu.column_name AS referenced_column_name FROM information_schema.table_constraints AS tc JOIN information_schema.key_column_usage AS kcu ON tc.constraint_name = kcu.constraint_name JOIN information_schema.constraint_column_usage AS ccu ON ccu.constraint_name = tc.constraint_name WHERE constraint_type = 'FOREIGN KEY' AND tc.table_name = 'users' AND tc.table_catalog = 'postgres'[39m
[34m2024-10-05T12:21:11.606Z DB: Executing (default): ALTER TABLE "users" ALTER COLUMN "email" SET NOT NULL;ALTER TABLE "users" ALTER COLUMN "email" DROP DEFAULT;ALTER TABLE "users"  ADD UNIQUE ("email");ALTER TABLE "users" ALTER COLUMN "email" TYPE VARCHAR(255)  ;[39m
[34m2024-10-05T12:21:11.915Z DB: Executing (default): ALTER TABLE "users" ALTER COLUMN "phoneNumber" SET NOT NULL;ALTER TABLE "users" ALTER COLUMN "phoneNumber" DROP DEFAULT;ALTER TABLE "users"  ADD UNIQUE ("phoneNumber");ALTER TABLE "users" ALTER COLUMN "phoneNumber" TYPE VARCHAR(255)  ;[39m
[34m2024-10-05T12:21:12.161Z DB: Executing (default): ALTER TABLE "users" ALTER COLUMN "password" SET NOT NULL;ALTER TABLE "users" ALTER COLUMN "password" DROP DEFAULT;ALTER TABLE "users" ALTER COLUMN "password" TYPE VARCHAR(255);[39m
[34m2024-10-05T12:21:12.311Z DB: Executing (default): ALTER TABLE "users" ALTER COLUMN "pin" SET NOT NULL;ALTER TABLE "users" ALTER COLUMN "pin" DROP DEFAULT;ALTER TABLE "users" ALTER COLUMN "pin" TYPE INTEGER;[39m
[34m2024-10-05T12:21:12.462Z DB: Executing (default): ALTER TABLE "users" ALTER COLUMN "countryCode" SET NOT NULL;ALTER TABLE "users" ALTER COLUMN "countryCode" DROP DEFAULT;ALTER TABLE "users" ALTER COLUMN "countryCode" TYPE VARCHAR(255);[39m
[34m2024-10-05T12:21:12.629Z DB: Executing (default): ALTER TABLE "users" ALTER COLUMN "username" SET NOT NULL;ALTER TABLE "users" ALTER COLUMN "username" DROP DEFAULT;ALTER TABLE "users"  ADD UNIQUE ("username");ALTER TABLE "users" ALTER COLUMN "username" TYPE VARCHAR(255)  ;[39m
[34m2024-10-05T12:21:12.810Z DB: Executing (default): ALTER TABLE "users" ALTER COLUMN "language" SET NOT NULL;ALTER TABLE "users" ALTER COLUMN "language" DROP DEFAULT;DO 'BEGIN CREATE TYPE "public"."enum_users_language" AS ENUM(''English'', ''Español'', ''Français'', ''Deutsch'', ''Italiano'', ''Português''); EXCEPTION WHEN duplicate_object THEN null; END';ALTER TABLE "users" ALTER COLUMN "language" TYPE "public"."enum_users_language" USING ("language"::"public"."enum_users_language");[39m
[34m2024-10-05T12:21:13.013Z DB: Executing (default): ALTER TABLE "users" ALTER COLUMN "age" SET NOT NULL;ALTER TABLE "users" ALTER COLUMN "age" DROP DEFAULT;ALTER TABLE "users" ALTER COLUMN "age" TYPE INTEGER;[39m
[34m2024-10-05T12:21:13.204Z DB: Executing (default): ALTER TABLE "users" ALTER COLUMN "dob" SET NOT NULL;ALTER TABLE "users" ALTER COLUMN "dob" DROP DEFAULT;ALTER TABLE "users" ALTER COLUMN "dob" TYPE DATE;[39m
[34m2024-10-05T12:21:13.355Z DB: Executing (default): ALTER TABLE "users" ALTER COLUMN "country" SET NOT NULL;ALTER TABLE "users" ALTER COLUMN "country" DROP DEFAULT;DO 'BEGIN CREATE TYPE "public"."enum_users_country" AS ENUM(''USA'', ''Canada'', ''UK'', ''Germany'', ''France'', ''Spain'', ''Italy'', ''Japan'', ''Australia'', ''Brazil'', ''Other''); EXCEPTION WHEN duplicate_object THEN null; END';ALTER TABLE "users" ALTER COLUMN "country" TYPE "public"."enum_users_country" USING ("country"::"public"."enum_users_country");[39m
[34m2024-10-05T12:21:13.518Z DB: Executing (default): ALTER TABLE "users" ALTER COLUMN "gender" SET NOT NULL;ALTER TABLE "users" ALTER COLUMN "gender" DROP DEFAULT;DO 'BEGIN CREATE TYPE "public"."enum_users_gender" AS ENUM(''Male'', ''Female'', ''Other''); EXCEPTION WHEN duplicate_object THEN null; END';ALTER TABLE "users" ALTER COLUMN "gender" TYPE "public"."enum_users_gender" USING ("gender"::"public"."enum_users_gender");[39m
[34m2024-10-05T12:21:13.670Z DB: Executing (default): ALTER TABLE "users" ALTER COLUMN "otp" DROP NOT NULL;ALTER TABLE "users" ALTER COLUMN "otp" DROP DEFAULT;ALTER TABLE "users" ALTER COLUMN "otp" TYPE VARCHAR(255);[39m
[34m2024-10-05T12:21:13.857Z DB: Executing (default): ALTER TABLE "users" ALTER COLUMN "otpExpiration" DROP NOT NULL;ALTER TABLE "users" ALTER COLUMN "otpExpiration" DROP DEFAULT;ALTER TABLE "users" ALTER COLUMN "otpExpiration" TYPE TIMESTAMP WITH TIME ZONE;[39m
[34m2024-10-05T12:21:14.029Z DB: Executing (default): ALTER TABLE "users" ALTER COLUMN "verifiedOTP" SET NOT NULL;ALTER TABLE "users" ALTER COLUMN "verifiedOTP" SET DEFAULT false;ALTER TABLE "users" ALTER COLUMN "verifiedOTP" TYPE BOOLEAN;[39m
[34m2024-10-05T12:21:14.250Z DB: Executing (default): ALTER TABLE "users" ALTER COLUMN "deleted" SET NOT NULL;ALTER TABLE "users" ALTER COLUMN "deleted" SET DEFAULT false;ALTER TABLE "users" ALTER COLUMN "deleted" TYPE BOOLEAN;[39m
[34m2024-10-05T12:21:14.411Z DB: Executing (default): ALTER TABLE "users" ALTER COLUMN "createdAt" SET NOT NULL;ALTER TABLE "users" ALTER COLUMN "createdAt" DROP DEFAULT;ALTER TABLE "users" ALTER COLUMN "createdAt" TYPE TIMESTAMP WITH TIME ZONE;[39m
[34m2024-10-05T12:21:14.560Z DB: Executing (default): ALTER TABLE "users" ALTER COLUMN "updatedAt" SET NOT NULL;ALTER TABLE "users" ALTER COLUMN "updatedAt" DROP DEFAULT;ALTER TABLE "users" ALTER COLUMN "updatedAt" TYPE TIMESTAMP WITH TIME ZONE;[39m
[34m2024-10-05T12:21:17.560Z DB: Executing (default): SELECT 1+1 AS result[39m
[34m2024-10-05T12:21:17.717Z DB: Database connection has been established successfully 💾[39m
[34m2024-10-05T12:21:17.723Z DB: Executing (default): SELECT table_name FROM information_schema.tables WHERE table_schema = 'public' AND table_name = 'users'[39m
[34m2024-10-05T12:21:17.885Z DB: Executing (default): SELECT t.typname enum_name, array_agg(e.enumlabel ORDER BY enumsortorder) enum_value FROM pg_type t JOIN pg_enum e ON t.oid = e.enumtypid JOIN pg_catalog.pg_namespace n ON n.oid = t.typnamespace WHERE n.nspname = 'public' AND t.typname='enum_users_language' GROUP BY 1[39m
[34m2024-10-05T12:21:18.059Z DB: Executing (default): SELECT t.typname enum_name, array_agg(e.enumlabel ORDER BY enumsortorder) enum_value FROM pg_type t JOIN pg_enum e ON t.oid = e.enumtypid JOIN pg_catalog.pg_namespace n ON n.oid = t.typnamespace WHERE n.nspname = 'public' AND t.typname='enum_users_country' GROUP BY 1[39m
[34m2024-10-05T12:21:18.236Z DB: Executing (default): SELECT t.typname enum_name, array_agg(e.enumlabel ORDER BY enumsortorder) enum_value FROM pg_type t JOIN pg_enum e ON t.oid = e.enumtypid JOIN pg_catalog.pg_namespace n ON n.oid = t.typnamespace WHERE n.nspname = 'public' AND t.typname='enum_users_gender' GROUP BY 1[39m
[34m2024-10-05T12:21:18.458Z DB: Executing (default): SELECT pk.constraint_type as "Constraint",c.column_name as "Field", c.column_default as "Default",c.is_nullable as "Null", (CASE WHEN c.udt_name = 'hstore' THEN c.udt_name ELSE c.data_type END) || (CASE WHEN c.character_maximum_length IS NOT NULL THEN '(' || c.character_maximum_length || ')' ELSE '' END) as "Type", (SELECT array_agg(e.enumlabel) FROM pg_catalog.pg_type t JOIN pg_catalog.pg_enum e ON t.oid=e.enumtypid WHERE t.typname=c.udt_name) AS "special", (SELECT pgd.description FROM pg_catalog.pg_statio_all_tables AS st INNER JOIN pg_catalog.pg_description pgd on (pgd.objoid=st.relid) WHERE c.ordinal_position=pgd.objsubid AND c.table_name=st.relname) AS "Comment" FROM information_schema.columns c LEFT JOIN (SELECT tc.table_schema, tc.table_name, cu.column_name, tc.constraint_type FROM information_schema.TABLE_CONSTRAINTS tc JOIN information_schema.KEY_COLUMN_USAGE  cu ON tc.table_schema=cu.table_schema and tc.table_name=cu.table_name and tc.constraint_name=cu.constraint_name and tc.constraint_type='PRIMARY KEY') pk ON pk.table_schema=c.table_schema AND pk.table_name=c.table_name AND pk.column_name=c.column_name WHERE c.table_name = 'users' AND c.table_schema = 'public'[39m
[34m2024-10-05T12:21:18.638Z DB: Executing (default): SELECT DISTINCT tc.constraint_name as constraint_name, tc.constraint_schema as constraint_schema, tc.constraint_catalog as constraint_catalog, tc.table_name as table_name,tc.table_schema as table_schema,tc.table_catalog as table_catalog,tc.initially_deferred as initially_deferred,tc.is_deferrable as is_deferrable,kcu.column_name as column_name,ccu.table_schema  AS referenced_table_schema,ccu.table_catalog  AS referenced_table_catalog,ccu.table_name  AS referenced_table_name,ccu.column_name AS referenced_column_name FROM information_schema.table_constraints AS tc JOIN information_schema.key_column_usage AS kcu ON tc.constraint_name = kcu.constraint_name JOIN information_schema.constraint_column_usage AS ccu ON ccu.constraint_name = tc.constraint_name WHERE constraint_type = 'FOREIGN KEY' AND tc.table_name = 'users' AND tc.table_catalog = 'postgres'[39m
[34m2024-10-05T12:21:18.802Z DB: Executing (default): ALTER TABLE "users" ALTER COLUMN "email" SET NOT NULL;ALTER TABLE "users" ALTER COLUMN "email" DROP DEFAULT;ALTER TABLE "users"  ADD UNIQUE ("email");ALTER TABLE "users" ALTER COLUMN "email" TYPE VARCHAR(255)  ;[39m
[34m2024-10-05T12:21:19.108Z DB: Executing (default): ALTER TABLE "users" ALTER COLUMN "phoneNumber" SET NOT NULL;ALTER TABLE "users" ALTER COLUMN "phoneNumber" DROP DEFAULT;ALTER TABLE "users"  ADD UNIQUE ("phoneNumber");ALTER TABLE "users" ALTER COLUMN "phoneNumber" TYPE VARCHAR(255)  ;[39m
[34m2024-10-05T12:21:19.295Z DB: Executing (default): ALTER TABLE "users" ALTER COLUMN "password" SET NOT NULL;ALTER TABLE "users" ALTER COLUMN "password" DROP DEFAULT;ALTER TABLE "users" ALTER COLUMN "password" TYPE VARCHAR(255);[39m
[34m2024-10-05T12:21:19.500Z DB: Executing (default): ALTER TABLE "users" ALTER COLUMN "pin" SET NOT NULL;ALTER TABLE "users" ALTER COLUMN "pin" DROP DEFAULT;ALTER TABLE "users" ALTER COLUMN "pin" TYPE INTEGER;[39m
[34m2024-10-05T12:21:19.667Z DB: Executing (default): ALTER TABLE "users" ALTER COLUMN "countryCode" SET NOT NULL;ALTER TABLE "users" ALTER COLUMN "countryCode" DROP DEFAULT;ALTER TABLE "users" ALTER COLUMN "countryCode" TYPE VARCHAR(255);[39m
[34m2024-10-05T12:21:19.825Z DB: Executing (default): ALTER TABLE "users" ALTER COLUMN "username" SET NOT NULL;ALTER TABLE "users" ALTER COLUMN "username" DROP DEFAULT;ALTER TABLE "users"  ADD UNIQUE ("username");ALTER TABLE "users" ALTER COLUMN "username" TYPE VARCHAR(255)  ;[39m
[34m2024-10-05T12:21:19.991Z DB: Executing (default): ALTER TABLE "users" ALTER COLUMN "language" SET NOT NULL;ALTER TABLE "users" ALTER COLUMN "language" DROP DEFAULT;DO 'BEGIN CREATE TYPE "public"."enum_users_language" AS ENUM(''English'', ''Español'', ''Français'', ''Deutsch'', ''Italiano'', ''Português''); EXCEPTION WHEN duplicate_object THEN null; END';ALTER TABLE "users" ALTER COLUMN "language" TYPE "public"."enum_users_language" USING ("language"::"public"."enum_users_language");[39m
[34m2024-10-05T12:21:20.154Z DB: Executing (default): ALTER TABLE "users" ALTER COLUMN "age" SET NOT NULL;ALTER TABLE "users" ALTER COLUMN "age" DROP DEFAULT;ALTER TABLE "users" ALTER COLUMN "age" TYPE INTEGER;[39m
[34m2024-10-05T12:21:20.311Z DB: Executing (default): ALTER TABLE "users" ALTER COLUMN "dob" SET NOT NULL;ALTER TABLE "users" ALTER COLUMN "dob" DROP DEFAULT;ALTER TABLE "users" ALTER COLUMN "dob" TYPE DATE;[39m
[34m2024-10-05T12:21:20.549Z DB: Executing (default): ALTER TABLE "users" ALTER COLUMN "country" SET NOT NULL;ALTER TABLE "users" ALTER COLUMN "country" DROP DEFAULT;DO 'BEGIN CREATE TYPE "public"."enum_users_country" AS ENUM(''USA'', ''Canada'', ''UK'', ''Germany'', ''France'', ''Spain'', ''Italy'', ''Japan'', ''Australia'', ''Brazil'', ''Other''); EXCEPTION WHEN duplicate_object THEN null; END';ALTER TABLE "users" ALTER COLUMN "country" TYPE "public"."enum_users_country" USING ("country"::"public"."enum_users_country");[39m
[34m2024-10-05T12:21:20.709Z DB: Executing (default): ALTER TABLE "users" ALTER COLUMN "gender" SET NOT NULL;ALTER TABLE "users" ALTER COLUMN "gender" DROP DEFAULT;DO 'BEGIN CREATE TYPE "public"."enum_users_gender" AS ENUM(''Male'', ''Female'', ''Other''); EXCEPTION WHEN duplicate_object THEN null; END';ALTER TABLE "users" ALTER COLUMN "gender" TYPE "public"."enum_users_gender" USING ("gender"::"public"."enum_users_gender");[39m
[34m2024-10-05T12:21:20.892Z DB: Executing (default): ALTER TABLE "users" ALTER COLUMN "otp" DROP NOT NULL;ALTER TABLE "users" ALTER COLUMN "otp" DROP DEFAULT;ALTER TABLE "users" ALTER COLUMN "otp" TYPE VARCHAR(255);[39m
[34m2024-10-05T12:21:21.229Z DB: Executing (default): ALTER TABLE "users" ALTER COLUMN "otpExpiration" DROP NOT NULL;ALTER TABLE "users" ALTER COLUMN "otpExpiration" DROP DEFAULT;ALTER TABLE "users" ALTER COLUMN "otpExpiration" TYPE TIMESTAMP WITH TIME ZONE;[39m
[34m2024-10-05T12:21:21.418Z DB: Executing (default): ALTER TABLE "users" ALTER COLUMN "verifiedOTP" SET NOT NULL;ALTER TABLE "users" ALTER COLUMN "verifiedOTP" SET DEFAULT false;ALTER TABLE "users" ALTER COLUMN "verifiedOTP" TYPE BOOLEAN;[39m
[34m2024-10-05T12:21:21.598Z DB: Executing (default): ALTER TABLE "users" ALTER COLUMN "deleted" SET NOT NULL;ALTER TABLE "users" ALTER COLUMN "deleted" SET DEFAULT false;ALTER TABLE "users" ALTER COLUMN "deleted" TYPE BOOLEAN;[39m
[34m2024-10-05T12:21:21.756Z DB: Executing (default): ALTER TABLE "users" ALTER COLUMN "createdAt" SET NOT NULL;ALTER TABLE "users" ALTER COLUMN "createdAt" DROP DEFAULT;ALTER TABLE "users" ALTER COLUMN "createdAt" TYPE TIMESTAMP WITH TIME ZONE;[39m
[34m2024-10-05T12:21:21.917Z DB: Executing (default): ALTER TABLE "users" ALTER COLUMN "updatedAt" SET NOT NULL;ALTER TABLE "users" ALTER COLUMN "updatedAt" DROP DEFAULT;ALTER TABLE "users" ALTER COLUMN "updatedAt" TYPE TIMESTAMP WITH TIME ZONE;[39m
[34m2024-10-05T12:21:22.074Z DB: Executing (default): SELECT i.relname AS name, ix.indisprimary AS primary, ix.indisunique AS unique, ix.indkey AS indkey, array_agg(a.attnum) as column_indexes, array_agg(a.attname) AS column_names, pg_get_indexdef(ix.indexrelid) AS definition FROM pg_class t, pg_class i, pg_index ix, pg_attribute a WHERE t.oid = ix.indrelid AND i.oid = ix.indexrelid AND a.attrelid = t.oid AND t.relkind = 'r' and t.relname = 'users' GROUP BY i.relname, ix.indexrelid, ix.indisprimary, ix.indisunique, ix.indkey ORDER BY i.relname;[39m
[34m2024-10-05T12:21:22.451Z DB: Database synced successfully 📚[39m
[34m2024-10-05T12:21:25.498Z DB: Executing (default): INSERT INTO "users" ("id","email","phoneNumber","password","pin","countryCode","username","language","age","dob","country","gender","verifiedOTP","deleted","createdAt","updatedAt") VALUES (DEFAULT,$1,$2,$3,$4,$5,$6,$7,$8,$9,$10,$11,$12,$13,$14,$15) RETURNING "id","email","phoneNumber","password","pin","countryCode","username","language","age","dob","country","gender","otp","otpExpiration","verifiedOTP","deleted","createdAt","updatedAt";[39m
[34m2024-10-05T12:21:54.236Z DB: Executing (default): INSERT INTO "users" ("id","email","phoneNumber","password","pin","countryCode","username","language","age","dob","country","gender","verifiedOTP","deleted","createdAt","updatedAt") VALUES (DEFAULT,$1,$2,$3,$4,$5,$6,$7,$8,$9,$10,$11,$12,$13,$14,$15) RETURNING "id","email","phoneNumber","password","pin","countryCode","username","language","age","dob","country","gender","otp","otpExpiration","verifiedOTP","deleted","createdAt","updatedAt";[39m
[34m2024-10-05T12:22:06.690Z DB: Executing (default): SELECT 1+1 AS result[39m
[34m2024-10-05T12:22:06.867Z DB: Database connection has been established successfully 💾[39m
[34m2024-10-05T12:22:06.873Z DB: Executing (default): SELECT table_name FROM information_schema.tables WHERE table_schema = 'public' AND table_name = 'users'[39m
[34m2024-10-05T12:22:07.037Z DB: Executing (default): SELECT t.typname enum_name, array_agg(e.enumlabel ORDER BY enumsortorder) enum_value FROM pg_type t JOIN pg_enum e ON t.oid = e.enumtypid JOIN pg_catalog.pg_namespace n ON n.oid = t.typnamespace WHERE n.nspname = 'public' AND t.typname='enum_users_language' GROUP BY 1[39m
[34m2024-10-05T12:22:12.586Z DB: Executing (default): SELECT 1+1 AS result[39m
[34m2024-10-05T12:22:12.780Z DB: Database connection has been established successfully 💾[39m
[34m2024-10-05T12:22:12.784Z DB: Executing (default): SELECT table_name FROM information_schema.tables WHERE table_schema = 'public' AND table_name = 'users'[39m
[34m2024-10-05T12:22:12.993Z DB: Executing (default): SELECT t.typname enum_name, array_agg(e.enumlabel ORDER BY enumsortorder) enum_value FROM pg_type t JOIN pg_enum e ON t.oid = e.enumtypid JOIN pg_catalog.pg_namespace n ON n.oid = t.typnamespace WHERE n.nspname = 'public' AND t.typname='enum_users_language' GROUP BY 1[39m
[34m2024-10-05T12:22:13.177Z DB: Executing (default): SELECT t.typname enum_name, array_agg(e.enumlabel ORDER BY enumsortorder) enum_value FROM pg_type t JOIN pg_enum e ON t.oid = e.enumtypid JOIN pg_catalog.pg_namespace n ON n.oid = t.typnamespace WHERE n.nspname = 'public' AND t.typname='enum_users_country' GROUP BY 1[39m
[34m2024-10-05T12:22:13.777Z DB: Executing (default): SELECT t.typname enum_name, array_agg(e.enumlabel ORDER BY enumsortorder) enum_value FROM pg_type t JOIN pg_enum e ON t.oid = e.enumtypid JOIN pg_catalog.pg_namespace n ON n.oid = t.typnamespace WHERE n.nspname = 'public' AND t.typname='enum_users_gender' GROUP BY 1[39m
[34m2024-10-05T12:22:14.037Z DB: Executing (default): SELECT pk.constraint_type as "Constraint",c.column_name as "Field", c.column_default as "Default",c.is_nullable as "Null", (CASE WHEN c.udt_name = 'hstore' THEN c.udt_name ELSE c.data_type END) || (CASE WHEN c.character_maximum_length IS NOT NULL THEN '(' || c.character_maximum_length || ')' ELSE '' END) as "Type", (SELECT array_agg(e.enumlabel) FROM pg_catalog.pg_type t JOIN pg_catalog.pg_enum e ON t.oid=e.enumtypid WHERE t.typname=c.udt_name) AS "special", (SELECT pgd.description FROM pg_catalog.pg_statio_all_tables AS st INNER JOIN pg_catalog.pg_description pgd on (pgd.objoid=st.relid) WHERE c.ordinal_position=pgd.objsubid AND c.table_name=st.relname) AS "Comment" FROM information_schema.columns c LEFT JOIN (SELECT tc.table_schema, tc.table_name, cu.column_name, tc.constraint_type FROM information_schema.TABLE_CONSTRAINTS tc JOIN information_schema.KEY_COLUMN_USAGE  cu ON tc.table_schema=cu.table_schema and tc.table_name=cu.table_name and tc.constraint_name=cu.constraint_name and tc.constraint_type='PRIMARY KEY') pk ON pk.table_schema=c.table_schema AND pk.table_name=c.table_name AND pk.column_name=c.column_name WHERE c.table_name = 'users' AND c.table_schema = 'public'[39m
[34m2024-10-05T12:22:14.191Z DB: Executing (default): SELECT DISTINCT tc.constraint_name as constraint_name, tc.constraint_schema as constraint_schema, tc.constraint_catalog as constraint_catalog, tc.table_name as table_name,tc.table_schema as table_schema,tc.table_catalog as table_catalog,tc.initially_deferred as initially_deferred,tc.is_deferrable as is_deferrable,kcu.column_name as column_name,ccu.table_schema  AS referenced_table_schema,ccu.table_catalog  AS referenced_table_catalog,ccu.table_name  AS referenced_table_name,ccu.column_name AS referenced_column_name FROM information_schema.table_constraints AS tc JOIN information_schema.key_column_usage AS kcu ON tc.constraint_name = kcu.constraint_name JOIN information_schema.constraint_column_usage AS ccu ON ccu.constraint_name = tc.constraint_name WHERE constraint_type = 'FOREIGN KEY' AND tc.table_name = 'users' AND tc.table_catalog = 'postgres'[39m
[34m2024-10-05T12:22:14.360Z DB: Executing (default): ALTER TABLE "users" ALTER COLUMN "email" SET NOT NULL;ALTER TABLE "users" ALTER COLUMN "email" DROP DEFAULT;ALTER TABLE "users"  ADD UNIQUE ("email");ALTER TABLE "users" ALTER COLUMN "email" TYPE VARCHAR(255)  ;[39m
[34m2024-10-05T12:22:14.626Z DB: Executing (default): ALTER TABLE "users" ALTER COLUMN "phoneNumber" SET NOT NULL;ALTER TABLE "users" ALTER COLUMN "phoneNumber" DROP DEFAULT;ALTER TABLE "users"  ADD UNIQUE ("phoneNumber");ALTER TABLE "users" ALTER COLUMN "phoneNumber" TYPE VARCHAR(255)  ;[39m
[34m2024-10-05T12:22:14.793Z DB: Executing (default): ALTER TABLE "users" ALTER COLUMN "password" SET NOT NULL;ALTER TABLE "users" ALTER COLUMN "password" DROP DEFAULT;ALTER TABLE "users" ALTER COLUMN "password" TYPE VARCHAR(255);[39m
[34m2024-10-05T12:22:15.013Z DB: Executing (default): ALTER TABLE "users" ALTER COLUMN "pin" SET NOT NULL;ALTER TABLE "users" ALTER COLUMN "pin" DROP DEFAULT;ALTER TABLE "users" ALTER COLUMN "pin" TYPE INTEGER;[39m
[34m2024-10-05T12:22:15.198Z DB: Executing (default): ALTER TABLE "users" ALTER COLUMN "countryCode" SET NOT NULL;ALTER TABLE "users" ALTER COLUMN "countryCode" DROP DEFAULT;ALTER TABLE "users" ALTER COLUMN "countryCode" TYPE VARCHAR(255);[39m
[34m2024-10-05T12:22:15.357Z DB: Executing (default): ALTER TABLE "users" ALTER COLUMN "username" SET NOT NULL;ALTER TABLE "users" ALTER COLUMN "username" DROP DEFAULT;ALTER TABLE "users"  ADD UNIQUE ("username");ALTER TABLE "users" ALTER COLUMN "username" TYPE VARCHAR(255)  ;[39m
[34m2024-10-05T12:22:15.669Z DB: Executing (default): ALTER TABLE "users" ALTER COLUMN "language" SET NOT NULL;ALTER TABLE "users" ALTER COLUMN "language" DROP DEFAULT;DO 'BEGIN CREATE TYPE "public"."enum_users_language" AS ENUM(''English'', ''Español'', ''Français'', ''Deutsch'', ''Italiano'', ''Português''); EXCEPTION WHEN duplicate_object THEN null; END';ALTER TABLE "users" ALTER COLUMN "language" TYPE "public"."enum_users_language" USING ("language"::"public"."enum_users_language");[39m
[34m2024-10-05T12:22:15.828Z DB: Executing (default): ALTER TABLE "users" ALTER COLUMN "age" SET NOT NULL;ALTER TABLE "users" ALTER COLUMN "age" DROP DEFAULT;ALTER TABLE "users" ALTER COLUMN "age" TYPE INTEGER;[39m
[34m2024-10-05T12:22:16.059Z DB: Executing (default): ALTER TABLE "users" ALTER COLUMN "dob" SET NOT NULL;ALTER TABLE "users" ALTER COLUMN "dob" DROP DEFAULT;ALTER TABLE "users" ALTER COLUMN "dob" TYPE DATE;[39m
[34m2024-10-05T12:22:16.220Z DB: Executing (default): ALTER TABLE "users" ALTER COLUMN "country" SET NOT NULL;ALTER TABLE "users" ALTER COLUMN "country" DROP DEFAULT;DO 'BEGIN CREATE TYPE "public"."enum_users_country" AS ENUM(''USA'', ''Canada'', ''UK'', ''Germany'', ''France'', ''Spain'', ''Italy'', ''Japan'', ''Australia'', ''Brazil'', ''Other''); EXCEPTION WHEN duplicate_object THEN null; END';ALTER TABLE "users" ALTER COLUMN "country" TYPE "public"."enum_users_country" USING ("country"::"public"."enum_users_country");[39m
[34m2024-10-05T12:22:16.379Z DB: Executing (default): ALTER TABLE "users" ALTER COLUMN "gender" SET NOT NULL;ALTER TABLE "users" ALTER COLUMN "gender" DROP DEFAULT;DO 'BEGIN CREATE TYPE "public"."enum_users_gender" AS ENUM(''Male'', ''Female'', ''Other''); EXCEPTION WHEN duplicate_object THEN null; END';ALTER TABLE "users" ALTER COLUMN "gender" TYPE "public"."enum_users_gender" USING ("gender"::"public"."enum_users_gender");[39m
[34m2024-10-05T12:22:16.540Z DB: Executing (default): ALTER TABLE "users" ALTER COLUMN "otp" DROP NOT NULL;ALTER TABLE "users" ALTER COLUMN "otp" DROP DEFAULT;ALTER TABLE "users" ALTER COLUMN "otp" TYPE VARCHAR(255);[39m
[34m2024-10-05T12:22:16.726Z DB: Executing (default): ALTER TABLE "users" ALTER COLUMN "otpExpiration" DROP NOT NULL;ALTER TABLE "users" ALTER COLUMN "otpExpiration" DROP DEFAULT;ALTER TABLE "users" ALTER COLUMN "otpExpiration" TYPE TIMESTAMP WITH TIME ZONE;[39m
[34m2024-10-05T12:22:16.886Z DB: Executing (default): ALTER TABLE "users" ALTER COLUMN "verifiedOTP" SET NOT NULL;ALTER TABLE "users" ALTER COLUMN "verifiedOTP" SET DEFAULT false;ALTER TABLE "users" ALTER COLUMN "verifiedOTP" TYPE BOOLEAN;[39m
[34m2024-10-05T12:22:17.112Z DB: Executing (default): ALTER TABLE "users" ALTER COLUMN "deleted" SET NOT NULL;ALTER TABLE "users" ALTER COLUMN "deleted" SET DEFAULT false;ALTER TABLE "users" ALTER COLUMN "deleted" TYPE BOOLEAN;[39m
[34m2024-10-05T12:22:17.296Z DB: Executing (default): ALTER TABLE "users" ALTER COLUMN "createdAt" SET NOT NULL;ALTER TABLE "users" ALTER COLUMN "createdAt" DROP DEFAULT;ALTER TABLE "users" ALTER COLUMN "createdAt" TYPE TIMESTAMP WITH TIME ZONE;[39m
[34m2024-10-05T12:22:17.457Z DB: Executing (default): ALTER TABLE "users" ALTER COLUMN "updatedAt" SET NOT NULL;ALTER TABLE "users" ALTER COLUMN "updatedAt" DROP DEFAULT;ALTER TABLE "users" ALTER COLUMN "updatedAt" TYPE TIMESTAMP WITH TIME ZONE;[39m
[34m2024-10-05T12:22:17.769Z DB: Executing (default): SELECT i.relname AS name, ix.indisprimary AS primary, ix.indisunique AS unique, ix.indkey AS indkey, array_agg(a.attnum) as column_indexes, array_agg(a.attname) AS column_names, pg_get_indexdef(ix.indexrelid) AS definition FROM pg_class t, pg_class i, pg_index ix, pg_attribute a WHERE t.oid = ix.indrelid AND i.oid = ix.indexrelid AND a.attrelid = t.oid AND t.relkind = 'r' and t.relname = 'users' GROUP BY i.relname, ix.indexrelid, ix.indisprimary, ix.indisunique, ix.indkey ORDER BY i.relname;[39m
[34m2024-10-05T12:22:18.170Z DB: Database synced successfully 📚[39m
